Fri Jan 17 08:24:08 UTC 2025 - Executing "python3 /openLANE_flow/scripts/extract_metal_layers.py -t /home/vsduser/Desktop/work/tools/openlane_working_dir/pdks/sky130A/libs.ref/sky130_fd_sc_hd/techlef/sky130_fd_sc_hd.tlef -o /openLANE_flow/designs/picorv32a/runs/17-01_08-01/tmp/met_layers_list.txt"

Fri Jan 17 08:24:08 UTC 2025 - Executing "/openLANE_flow/scripts/mergeLef.py -i /home/vsduser/Desktop/work/tools/openlane_working_dir/pdks/sky130A/libs.ref/sky130_fd_sc_hd/techlef/sky130_fd_sc_hd.tlef {/home/vsduser/Desktop/work/tools/openlane_working_dir/pdks/sky130A/libs.ref/sky130_fd_sc_hd/lef/sky130_fd_sc_hd.lef /home/vsduser/Desktop/work/tools/openlane_working_dir/pdks/sky130A/libs.ref/sky130_fd_sc_hd/lef/sky130_ef_sc_hd__fill_12.lef /home/vsduser/Desktop/work/tools/openlane_working_dir/pdks/sky130A/libs.ref/sky130_fd_sc_hd/lef/sky130_ef_sc_hd__decap_12.lef /home/vsduser/Desktop/work/tools/openlane_working_dir/pdks/sky130A/libs.ref/sky130_fd_sc_hd/lef/sky130_ef_sc_hd__fakediode_2.lef} -o /openLANE_flow/designs/picorv32a/runs/17-01_08-01/tmp/merged_unpadded.lef |& tee >&@stdout"

Fri Jan 17 08:24:08 UTC 2025 - Executing "/openLANE_flow/scripts/mergeLef.py -i /openLANE_flow/designs/picorv32a/runs/17-01_08-01/tmp/merged_unpadded.lef /openLANE_flow/designs/picorv32a/src/sky130_inv.lef -o /openLANE_flow/designs/picorv32a/runs/17-01_08-01/tmp/merged_unpadded.lef |& tee >&@stdout"

Fri Jan 17 08:24:08 UTC 2025 - Executing "/openLANE_flow/scripts/libtrim.pl /openLANE_flow/designs/picorv32a/src/sky130_fd_sc_hd__typical.lib /openLANE_flow/designs/picorv32a/runs/17-01_08-01/tmp/trimmed.lib.exclude.list > /openLANE_flow/designs/picorv32a/runs/17-01_08-01/tmp/trimmed.lib"

Fri Jan 17 08:24:08 UTC 2025 - Executing "echo {openlane v0.21} > /openLANE_flow/designs/picorv32a/runs/17-01_08-01/OPENLANE_VERSION"

Fri Jan 17 08:27:00 UTC 2025 - Executing "sed -E {s/^([[:space:]]+)pg_pin(.*)/\1pin\2\n\1    direction : "inout";/g} /openLANE_flow/designs/picorv32a/src/sky130_fd_sc_hd__typical.lib > /openLANE_flow/designs/picorv32a/runs/17-01_08-01/tmp/sky130_fd_sc_hd__typical.no_pg.lib"

Fri Jan 17 08:27:01 UTC 2025 - Executing "yosys -c /openLANE_flow/scripts/synth.tcl -l /openLANE_flow/designs/picorv32a/runs/17-01_08-01/logs/synthesis/1-yosys.log |& tee >&@stdout"

Fri Jan 17 08:28:01 UTC 2025 - Executing "sed -i -e {s/\(set ::env(CURRENT_NETLIST)\).*/\1 \/openLANE_flow\/designs\/picorv32a\/runs\/17-01_08-01\/results\/synthesis\/picorv32a.synthesis.v/} /openLANE_flow/designs/picorv32a/runs/17-01_08-01/config.tcl"

Fri Jan 17 08:28:01 UTC 2025 - Executing "sed -i -e {s/\(set ::env(PREV_NETLIST)\).*/\1 0/} /openLANE_flow/designs/picorv32a/runs/17-01_08-01/config.tcl"

Fri Jan 17 08:28:01 UTC 2025 - Executing "sed -i /defparam/d /openLANE_flow/designs/picorv32a/runs/17-01_08-01/results/synthesis/picorv32a.synthesis.v"

Fri Jan 17 08:28:02 UTC 2025 - Executing "sta /openLANE_flow/scripts/sta.tcl |& tee >&@stdout /openLANE_flow/designs/picorv32a/runs/17-01_08-01/logs/synthesis/2-opensta"

Fri Jan 17 08:31:04 UTC 2025 - Executing "openroad -exit /openLANE_flow/scripts/openroad/or_floorplan.tcl |& tee >&@stdout /openLANE_flow/designs/picorv32a/runs/17-01_08-01/logs/floorplan/3-verilog2def.openroad.log"

Fri Jan 17 08:31:07 UTC 2025 - Executing "openroad -exit /openLANE_flow/scripts/openroad/or_ioplacer.tcl |& tee >&@stdout /openLANE_flow/designs/picorv32a/runs/17-01_08-01/logs/floorplan/4-ioPlacer.log"

Fri Jan 17 08:31:08 UTC 2025 - Executing "openroad -exit /openLANE_flow/scripts/openroad/or_replace.tcl |& tee >&@stdout /openLANE_flow/designs/picorv32a/runs/17-01_08-01/logs/placement/5-replace.log"

Fri Jan 17 08:31:23 UTC 2025 - Executing "openroad -exit /openLANE_flow/scripts/openroad/or_basic_mp.tcl |& tee >&@stdout /openLANE_flow/designs/picorv32a/runs/17-01_08-01/logs/placement/6-basic_mp.log"

Fri Jan 17 08:31:25 UTC 2025 - Executing "python3 /openLANE_flow/report_generation_wrapper.py -d /openLANE_flow/designs/picorv32a -dn picorv32a -t 17-01_08-01 -o /openLANE_flow/designs/picorv32a/runs/17-01_08-01/reports/final_summary_report.csv -m /openLANE_flow/designs/picorv32a/runs/17-01_08-01/reports/manufacturability_report.rpt -rs /openLANE_flow/designs/picorv32a/runs/17-01_08-01/reports/runtime_summary_report.rpt -r /openLANE_flow/designs/picorv32a/runs/17-01_08-01"

Fri Jan 17 08:31:46 UTC 2025 - Executing "openroad -exit /openLANE_flow/scripts/openroad/or_floorplan.tcl |& tee >&@stdout /openLANE_flow/designs/picorv32a/runs/17-01_08-01/logs/floorplan/7-verilog2def.openroad.log"

Fri Jan 17 08:32:08 UTC 2025 - Executing "openroad -exit /openLANE_flow/scripts/openroad/or_ioplacer.tcl |& tee >&@stdout /openLANE_flow/designs/picorv32a/runs/17-01_08-01/logs/floorplan/8-ioPlacer.log"

Fri Jan 17 08:32:30 UTC 2025 - Executing "openroad -exit /openLANE_flow/scripts/openroad/or_tapcell.tcl |& tee >&@stdout /openLANE_flow/designs/picorv32a/runs/17-01_08-01/logs/floorplan/9-tapcell.log"

Fri Jan 17 08:37:46 UTC 2025 - Executing "openroad -exit /openLANE_flow/scripts/openroad/or_replace.tcl |& tee >&@stdout /openLANE_flow/designs/picorv32a/runs/17-01_08-01/logs/placement/10-replace.log"

Fri Jan 17 08:38:01 UTC 2025 - Executing "openroad -exit /openLANE_flow/scripts/openroad/or_resizer.tcl |& tee >&@stdout /openLANE_flow/designs/picorv32a/runs/17-01_08-01/logs/placement/10-resizer.log"

Fri Jan 17 08:38:12 UTC 2025 - Executing "openroad -exit /openLANE_flow/scripts/openroad/or_write_verilog.tcl |& tee >&@stdout /openLANE_flow/designs/picorv32a/runs/17-01_08-01/logs/11-write_verilog.log"

Fri Jan 17 08:38:13 UTC 2025 - Executing "sed -i -e {s/\(set ::env(CURRENT_NETLIST)\).*/\1 \/openLANE_flow\/designs\/picorv32a\/runs\/17-01_08-01\/results\/synthesis\/picorv32a.synthesis_optimized.v/} /openLANE_flow/designs/picorv32a/runs/17-01_08-01/config.tcl"

Fri Jan 17 08:38:13 UTC 2025 - Executing "sed -i -e {s/\(set ::env(PREV_NETLIST)\).*/\1 \/openLANE_flow\/designs\/picorv32a\/runs\/17-01_08-01\/results\/synthesis\/picorv32a.synthesis.v/} /openLANE_flow/designs/picorv32a/runs/17-01_08-01/config.tcl"

Fri Jan 17 08:38:13 UTC 2025 - Executing "sta /openLANE_flow/scripts/sta.tcl |& tee >&@stdout /openLANE_flow/designs/picorv32a/runs/17-01_08-01/logs/synthesis/12-opensta_post_resizer"

Fri Jan 17 08:38:15 UTC 2025 - Executing "openroad -exit /openLANE_flow/scripts/openroad/or_opendp.tcl |& tee >&@stdout /openLANE_flow/designs/picorv32a/runs/17-01_08-01/logs/placement/13-opendp.log"

Fri Jan 17 08:38:19 UTC 2025 - Executing "bash /openLANE_flow/scripts/klayout/scrotLayout.sh /home/vsduser/Desktop/work/tools/openlane_working_dir/pdks/sky130A/libs.tech/klayout/sky130A.lyt /openLANE_flow/designs/picorv32a/runs/17-01_08-01/results/placement/picorv32a.placement.def |& tee >&@stdout /openLANE_flow/designs/picorv32a/runs/17-01_08-01/logs/klayout/14-klayout.scrot.log"

