OpenROAD 0.9.0 1415572a73
This program is licensed under the BSD-3 license. See the LICENSE file for details.
Components of this program may be licensed under more restrictive licenses which must be honored.
Notice 0: Reading LEF file:  /openLANE_flow/designs/picorv32a/runs/17-01_08-01/tmp/merged_unpadded.lef
Notice 0:     Created 13 technology layers
Notice 0:     Created 25 technology vias
Notice 0:     Created 441 library cells
Notice 0: Finished LEF file:  /openLANE_flow/designs/picorv32a/runs/17-01_08-01/tmp/merged_unpadded.lef
Notice 0: 
Reading DEF file: /openLANE_flow/designs/picorv32a/runs/17-01_08-01/results/floorplan/picorv32a.floorplan.def
Notice 0: Design: picorv32a
Notice 0:     Created 409 pins.
Notice 0:     Created 23297 components and 134568 component-terminals.
Notice 0:     Created 17241 nets and 55482 connections.
Notice 0: Finished DEF file: /openLANE_flow/designs/picorv32a/runs/17-01_08-01/results/floorplan/picorv32a.floorplan.def
[INFO GPL-0002] DBU: 1000
[INFO GPL-0003] SiteSize: 460 2720
[INFO GPL-0004] CoreAreaLxLy: 5520 10880
[INFO GPL-0005] CoreAreaUxUy: 715300 718080
[INFO GPL-0006] NumInstances: 23297
[INFO GPL-0007] NumPlaceInstances: 15705
[INFO GPL-0008] NumFixedInstances: 7592
[INFO GPL-0009] NumDummyInstances: 0
[INFO GPL-0010] NumNets: 17241
[INFO GPL-0011] NumPins: 55891
[INFO GPL-0012] DieAreaLxLy: 0 0
[INFO GPL-0013] DieAreaUxUy: 720865 731585
[INFO GPL-0014] CoreAreaLxLy: 5520 10880
[INFO GPL-0015] CoreAreaUxUy: 715300 718080
[INFO GPL-0016] CoreArea: 501956416000
[INFO GPL-0017] NonPlaceInstsArea: 10800358400
[INFO GPL-0018] PlaceInstsArea: 176347881600
[INFO GPL-0019] Util(%): 35.90
[INFO GPL-0020] StdInstsArea: 176347881600
[INFO GPL-0021] MacroInstsArea: 0
Begin InitialPlace
[InitialPlace]  Iter: 1 CG Error: 0.00058391 HPWL: 415870160
[InitialPlace]  Iter: 2 CG Error: 0.00007644 HPWL: 333342701
[InitialPlace]  Iter: 3 CG Error: 0.00001288 HPWL: 333557040
[InitialPlace]  Iter: 4 CG Error: 0.00000599 HPWL: 333586435
[InitialPlace]  Iter: 5 CG Error: 0.00000627 HPWL: 333029457
End InitialPlace
[INFO GPL-0031] FillerInit: NumGCells: 17532
[INFO GPL-0032] FillerInit: NumGNets: 17241
[INFO GPL-0033] FillerInit: NumGPins: 55891
[INFO GPL-0023] TargetDensity: 0.40
[INFO GPL-0024] AveragePlaceInstArea: 11228773
[INFO GPL-0025] IdealBinArea: 28071932
[INFO GPL-0026] IdealBinCnt: 17881
[INFO GPL-0027] TotalBinArea: 501956416000
[INFO GPL-0028] BinCnt: 128 128
[INFO GPL-0029] BinSize: 5546 5525
[INFO GPL-0030] NumBins: 16384
Begin NesterovInit
End NesterovInit
[NesterovSolve] Iter: 1 overflow: 0.962997 HPWL: 252329976
[NesterovSolve] Iter: 10 overflow: 0.930029 HPWL: 299076276
[NesterovSolve] Iter: 20 overflow: 0.928882 HPWL: 300107615
[NesterovSolve] Iter: 30 overflow: 0.928756 HPWL: 300391797
[NesterovSolve] Iter: 40 overflow: 0.928491 HPWL: 300715512
[NesterovSolve] Iter: 50 overflow: 0.928587 HPWL: 300617832
[NesterovSolve] Iter: 60 overflow: 0.928665 HPWL: 300611534
[NesterovSolve] Iter: 70 overflow: 0.92861 HPWL: 300588637
[NesterovSolve] Iter: 80 overflow: 0.928575 HPWL: 300636912
[NesterovSolve] Iter: 90 overflow: 0.928559 HPWL: 300699801
[NesterovSolve] Iter: 100 overflow: 0.928544 HPWL: 300828866
[NesterovSolve] Iter: 110 overflow: 0.928515 HPWL: 301122958
[NesterovSolve] Iter: 120 overflow: 0.928449 HPWL: 301710530
[NesterovSolve] Iter: 130 overflow: 0.928361 HPWL: 302782289
[NesterovSolve] Iter: 140 overflow: 0.928215 HPWL: 304756018
[NesterovSolve] Iter: 150 overflow: 0.928047 HPWL: 308179108
[NesterovSolve] Iter: 160 overflow: 0.927556 HPWL: 314077527
[NesterovSolve] Iter: 170 overflow: 0.926749 HPWL: 322868987
[NesterovSolve] Iter: 180 overflow: 0.924702 HPWL: 333883631
[NesterovSolve] Iter: 190 overflow: 0.92039 HPWL: 346791560
[NesterovSolve] Iter: 200 overflow: 0.912898 HPWL: 362749348
[NesterovSolve] Iter: 210 overflow: 0.902644 HPWL: 382834098
[NesterovSolve] Iter: 220 overflow: 0.887513 HPWL: 405942970
[NesterovSolve] Iter: 230 overflow: 0.867104 HPWL: 431154742
[NesterovSolve] Iter: 240 overflow: 0.844263 HPWL: 458644120
[NesterovSolve] Iter: 250 overflow: 0.819706 HPWL: 488062701
[NesterovSolve] Iter: 260 overflow: 0.789049 HPWL: 517346446
[NesterovSolve] Iter: 270 overflow: 0.754406 HPWL: 546001014
[NesterovSolve] Iter: 280 overflow: 0.718095 HPWL: 574711910
[NesterovSolve] Iter: 290 overflow: 0.678326 HPWL: 605675405
[NesterovSolve] Iter: 300 overflow: 0.633086 HPWL: 635547801
[NesterovSolve] Iter: 310 overflow: 0.585996 HPWL: 665563559
[NesterovSolve] Iter: 320 overflow: 0.535284 HPWL: 692993370
[NesterovSolve] Iter: 330 overflow: 0.48844 HPWL: 720681877
[NesterovSolve] Iter: 340 overflow: 0.437387 HPWL: 745836908
[NesterovSolve] Iter: 350 overflow: 0.389605 HPWL: 763762011
[NesterovSolve] Iter: 360 overflow: 0.353155 HPWL: 773997015
[NesterovSolve] Iter: 370 overflow: 0.323932 HPWL: 779192570
[NesterovSolve] Iter: 380 overflow: 0.295758 HPWL: 782769727
[NesterovSolve] Iter: 390 overflow: 0.271428 HPWL: 784932139
[NesterovSolve] Iter: 400 overflow: 0.245033 HPWL: 786512752
[NesterovSolve] Iter: 410 overflow: 0.221291 HPWL: 787814193
[NesterovSolve] Iter: 420 overflow: 0.199078 HPWL: 789396782
[NesterovSolve] Iter: 430 overflow: 0.177295 HPWL: 790663987
[NesterovSolve] Iter: 440 overflow: 0.158652 HPWL: 792094886
[NesterovSolve] Iter: 450 overflow: 0.14204 HPWL: 793318831
[NesterovSolve] Iter: 460 overflow: 0.125483 HPWL: 794797446
[NesterovSolve] Iter: 470 overflow: 0.109145 HPWL: 795997994
[NesterovSolve] Finished with Overflow: 0.099780
create_clock [get_ports $::env(CLOCK_PORT)]  -name $::env(CLOCK_PORT)  -period $::env(CLOCK_PERIOD)
set input_delay_value [expr $::env(CLOCK_PERIOD) * $::env(IO_PCT)]
set output_delay_value [expr $::env(CLOCK_PERIOD) * $::env(IO_PCT)]
puts "\[INFO\]: Setting output delay to: $output_delay_value"
[INFO]: Setting output delay to: 4.946000000000001
puts "\[INFO\]: Setting input delay to: $input_delay_value"
[INFO]: Setting input delay to: 4.946000000000001
set_max_fanout $::env(SYNTH_MAX_FANOUT) [current_design]
set clk_indx [lsearch [all_inputs] [get_port $::env(CLOCK_PORT)]]
#set rst_indx [lsearch [all_inputs] [get_port resetn]]
set all_inputs_wo_clk [lreplace [all_inputs] $clk_indx $clk_indx]
#set all_inputs_wo_clk_rst [lreplace $all_inputs_wo_clk $rst_indx $rst_indx]
set all_inputs_wo_clk_rst $all_inputs_wo_clk
# correct resetn
set_input_delay $input_delay_value  -clock [get_clocks $::env(CLOCK_PORT)] $all_inputs_wo_clk_rst
#set_input_delay 0.0 -clock [get_clocks $::env(CLOCK_PORT)] {resetn}
set_output_delay $output_delay_value  -clock [get_clocks $::env(CLOCK_PORT)] [all_outputs]
# TODO set this as parameter
set_driving_cell -lib_cell $::env(SYNTH_DRIVING_CELL) -pin $::env(SYNTH_DRIVING_CELL_PIN) [all_inputs]
set cap_load [expr $::env(SYNTH_CAP_LOAD) / 1000.0]
puts "\[INFO\]: Setting load to: $cap_load"
[INFO]: Setting load to: 0.01765
set_load  $cap_load [all_outputs]
No paths found.
Startpoint: _31195_ (rising edge-triggered flip-flop clocked by clk)
Endpoint: _31195_ (rising edge-triggered flip-flop clocked by clk)
Path Group: clk
Path Type: min

Fanout     Cap    Slew   Delay    Time   Description
-----------------------------------------------------------------------------
                  0.00    0.00    0.00   clock clk (rise edge)
                          0.00    0.00   clock network delay (ideal)
                  0.00    0.00    0.00 ^ _31195_/CLK (sky130_fd_sc_hd__dfxtp_2)
                  0.03    0.18    0.18 ^ _31195_/Q (sky130_fd_sc_hd__dfxtp_2)
     2    0.00                           cpuregs[0][0] (net)
                  0.03    0.00    0.18 ^ _18491_/A (sky130_fd_sc_hd__buf_1)
                  0.02    0.04    0.23 ^ _18491_/X (sky130_fd_sc_hd__buf_1)
     1    0.00                           _02835_ (net)
                  0.02    0.00    0.23 ^ _31195_/D (sky130_fd_sc_hd__dfxtp_2)
                                  0.23   data arrival time

                  0.00    0.00    0.00   clock clk (rise edge)
                          0.00    0.00   clock network delay (ideal)
                          0.00    0.00   clock reconvergence pessimism
                                  0.00 ^ _31195_/CLK (sky130_fd_sc_hd__dfxtp_2)
                         -0.02   -0.02   library hold time
                                 -0.02   data required time
-----------------------------------------------------------------------------
                                 -0.02   data required time
                                 -0.23   data arrival time
-----------------------------------------------------------------------------
                                  0.24   slack (MET)


Startpoint: _32412_ (rising edge-triggered flip-flop clocked by clk)
Endpoint: _32288_ (rising edge-triggered flip-flop clocked by clk)
Path Group: clk
Path Type: max

Fanout     Cap    Slew   Delay    Time   Description
-----------------------------------------------------------------------------
                  0.00    0.00    0.00   clock clk (rise edge)
                          0.00    0.00   clock network delay (ideal)
                  0.00    0.00    0.00 ^ _32412_/CLK (sky130_fd_sc_hd__dfxtp_2)
                  0.41    0.87    0.87 ^ _32412_/Q (sky130_fd_sc_hd__dfxtp_2)
     6    0.05                           irq_mask[27] (net)
                  0.41    0.00    0.88 ^ _15425_/A1 (sky130_fd_sc_hd__o2111ai_2)
                  0.21    0.40    1.27 v _15425_/Y (sky130_fd_sc_hd__o2111ai_2)
     1    0.01                           _12750_ (net)
                  0.21    0.00    1.27 v _15426_/B (sky130_fd_sc_hd__nor2_2)
                  0.15    0.21    1.49 ^ _15426_/Y (sky130_fd_sc_hd__nor2_2)
     1    0.01                           _12751_ (net)
                  0.15    0.00    1.49 ^ _15443_/A (sky130_fd_sc_hd__nand3_2)
                  0.18    0.19    1.68 v _15443_/Y (sky130_fd_sc_hd__nand3_2)
     2    0.01                           _12768_ (net)
                  0.18    0.00    1.68 v _15446_/A2 (sky130_fd_sc_hd__o21bai_2)
                  0.59    0.56    2.24 ^ _15446_/Y (sky130_fd_sc_hd__o21bai_2)
     6    0.03                           _12771_ (net)
                  0.59    0.00    2.24 ^ _15447_/D1 (sky130_fd_sc_hd__o2111ai_2)
                  0.44    0.58    2.83 v _15447_/Y (sky130_fd_sc_hd__o2111ai_2)
     2    0.02                           _12772_ (net)
                  0.44    0.00    2.83 v _16145_/C (sky130_fd_sc_hd__nor3_2)
                  0.59    0.60    3.43 ^ _16145_/Y (sky130_fd_sc_hd__nor3_2)
     4    0.02                           _13285_ (net)
                  0.59    0.00    3.43 ^ _16146_/A (sky130_fd_sc_hd__nand3_2)
                  0.37    0.50    3.93 v _16146_/Y (sky130_fd_sc_hd__nand3_2)
     5    0.02                           _13286_ (net)
                  0.37    0.00    3.93 v _16147_/C (sky130_fd_sc_hd__nor3_2)
                  0.52    0.53    4.46 ^ _16147_/Y (sky130_fd_sc_hd__nor3_2)
     3    0.02                           _13287_ (net)
                  0.52    0.00    4.46 ^ _16148_/A (sky130_fd_sc_hd__nand3_2)
                  0.30    0.42    4.88 v _16148_/Y (sky130_fd_sc_hd__nand3_2)
     4    0.02                           _13288_ (net)
                  0.30    0.00    4.88 v _16149_/C (sky130_fd_sc_hd__nor3_2)
                  0.63    0.59    5.46 ^ _16149_/Y (sky130_fd_sc_hd__nor3_2)
     4    0.02                           _13289_ (net)
                  0.63    0.00    5.46 ^ _16150_/A (sky130_fd_sc_hd__nand3_2)
                  0.32    0.46    5.92 v _16150_/Y (sky130_fd_sc_hd__nand3_2)
     4    0.02                           _13290_ (net)
                  0.32    0.00    5.92 v _16151_/C (sky130_fd_sc_hd__nor3_2)
                  0.51    0.51    6.43 ^ _16151_/Y (sky130_fd_sc_hd__nor3_2)
     3    0.02                           _13291_ (net)
                  0.51    0.00    6.43 ^ _16152_/A (sky130_fd_sc_hd__nand3_2)
                  0.36    0.46    6.89 v _16152_/Y (sky130_fd_sc_hd__nand3_2)
     5    0.02                           _13292_ (net)
                  0.36    0.00    6.89 v _16153_/C (sky130_fd_sc_hd__nor3_2)
                  0.37    0.40    7.29 ^ _16153_/Y (sky130_fd_sc_hd__nor3_2)
     2    0.01                           _13293_ (net)
                  0.37    0.00    7.29 ^ _16154_/A (sky130_fd_sc_hd__nand3_2)
                  0.35    0.41    7.70 v _16154_/Y (sky130_fd_sc_hd__nand3_2)
     5    0.02                           _13294_ (net)
                  0.35    0.00    7.70 v _16155_/C (sky130_fd_sc_hd__nor3_2)
                  0.38    0.40    8.10 ^ _16155_/Y (sky130_fd_sc_hd__nor3_2)
     2    0.01                           _13295_ (net)
                  0.38    0.00    8.10 ^ _16156_/A (sky130_fd_sc_hd__nand3_2)
                  0.35    0.41    8.52 v _16156_/Y (sky130_fd_sc_hd__nand3_2)
     5    0.02                           _13296_ (net)
                  0.35    0.00    8.52 v _16157_/C (sky130_fd_sc_hd__nor3_2)
                  0.50    0.50    9.02 ^ _16157_/Y (sky130_fd_sc_hd__nor3_2)
     3    0.02                           _13297_ (net)
                  0.50    0.00    9.02 ^ _16158_/A (sky130_fd_sc_hd__nand3_2)
                  0.31    0.42    9.44 v _16158_/Y (sky130_fd_sc_hd__nand3_2)
     4    0.02                           _13298_ (net)
                  0.31    0.00    9.44 v _16159_/C (sky130_fd_sc_hd__nor3_2)
                  0.50    0.48    9.92 ^ _16159_/Y (sky130_fd_sc_hd__nor3_2)
     3    0.02                           _13299_ (net)
                  0.50    0.00    9.92 ^ _16160_/A (sky130_fd_sc_hd__nand3_2)
                  0.36    0.46   10.38 v _16160_/Y (sky130_fd_sc_hd__nand3_2)
     5    0.02                           _13300_ (net)
                  0.36    0.00   10.38 v _16161_/C (sky130_fd_sc_hd__nor3_2)
                  0.51    0.52   10.90 ^ _16161_/Y (sky130_fd_sc_hd__nor3_2)
     3    0.02                           _13301_ (net)
                  0.51    0.00   10.90 ^ _16162_/A (sky130_fd_sc_hd__nand3_2)
                  0.32    0.43   11.32 v _16162_/Y (sky130_fd_sc_hd__nand3_2)
     4    0.02                           _13302_ (net)
                  0.32    0.00   11.32 v _16163_/C (sky130_fd_sc_hd__nor3_2)
                  0.64    0.59   11.91 ^ _16163_/Y (sky130_fd_sc_hd__nor3_2)
     4    0.02                           _13303_ (net)
                  0.64    0.00   11.91 ^ _16164_/A (sky130_fd_sc_hd__nand3_2)
                  0.32    0.47   12.38 v _16164_/Y (sky130_fd_sc_hd__nand3_2)
     4    0.02                           _13304_ (net)
                  0.32    0.00   12.38 v _16165_/C (sky130_fd_sc_hd__nor3_2)
                  0.63    0.59   12.97 ^ _16165_/Y (sky130_fd_sc_hd__nor3_2)
     4    0.02                           _13305_ (net)
                  0.63    0.00   12.97 ^ _16166_/A (sky130_fd_sc_hd__nand3_2)
                  0.32    0.46   13.44 v _16166_/Y (sky130_fd_sc_hd__nand3_2)
     4    0.02                           _13306_ (net)
                  0.32    0.00   13.44 v _16167_/C (sky130_fd_sc_hd__nor3_2)
                  0.63    0.59   14.03 ^ _16167_/Y (sky130_fd_sc_hd__nor3_2)
     4    0.02                           _13307_ (net)
                  0.63    0.00   14.03 ^ _16168_/A (sky130_fd_sc_hd__nand3_2)
                  0.32    0.46   14.49 v _16168_/Y (sky130_fd_sc_hd__nand3_2)
     4    0.02                           _13308_ (net)
                  0.32    0.00   14.49 v _16169_/C (sky130_fd_sc_hd__nor3_2)
                  0.72    0.66   15.16 ^ _16169_/Y (sky130_fd_sc_hd__nor3_2)
     4    0.03                           _13309_ (net)
                  0.72    0.00   15.16 ^ _16170_/A (sky130_fd_sc_hd__nand3_2)
                  0.34    0.49   15.65 v _16170_/Y (sky130_fd_sc_hd__nand3_2)
     4    0.02                           _13310_ (net)
                  0.34    0.00   15.65 v _16171_/C (sky130_fd_sc_hd__nor3_2)
                  0.66    0.61   16.26 ^ _16171_/Y (sky130_fd_sc_hd__nor3_2)
     4    0.02                           _13311_ (net)
                  0.66    0.00   16.26 ^ _16172_/A (sky130_fd_sc_hd__nand3_2)
                  0.34    0.49   16.75 v _16172_/Y (sky130_fd_sc_hd__nand3_2)
     5    0.02                           _13312_ (net)
                  0.34    0.00   16.75 v _16173_/C (sky130_fd_sc_hd__nor3_2)
                  0.49    0.49   17.24 ^ _16173_/Y (sky130_fd_sc_hd__nor3_2)
     3    0.02                           _13313_ (net)
                  0.49    0.00   17.24 ^ _16174_/A (sky130_fd_sc_hd__nand3_2)
                  0.27    0.38   17.63 v _16174_/Y (sky130_fd_sc_hd__nand3_2)
     4    0.02                           _13314_ (net)
                  0.27    0.00   17.63 v _16175_/A_N (sky130_fd_sc_hd__nand3b_2)
                  0.14    0.53   18.16 v _16175_/Y (sky130_fd_sc_hd__nand3b_2)
     1    0.00                           _13315_ (net)
                  0.14    0.00   18.16 v _16176_/B (sky130_fd_sc_hd__nor2_2)
                  0.14    0.18   18.33 ^ _16176_/Y (sky130_fd_sc_hd__nor2_2)
     1    0.00                           _13316_ (net)
                  0.14    0.00   18.33 ^ _16181_/A (sky130_fd_sc_hd__nor2_2)
                  0.04    0.09   18.42 v _16181_/Y (sky130_fd_sc_hd__nor2_2)
     1    0.00                           _03928_ (net)
                  0.04    0.00   18.42 v _32288_/D (sky130_fd_sc_hd__dfxtp_2)
                                 18.42   data arrival time

                  0.00   24.73   24.73   clock clk (rise edge)
                          0.00   24.73   clock network delay (ideal)
                          0.00   24.73   clock reconvergence pessimism
                                 24.73 ^ _32288_/CLK (sky130_fd_sc_hd__dfxtp_2)
                         -0.28   24.45   library setup time
                                 24.45   data required time
-----------------------------------------------------------------------------
                                 24.45   data required time
                                -18.42   data arrival time
-----------------------------------------------------------------------------
                                  6.03   slack (MET)


No paths found.
wns 0.00
tns 0.00
