
reading lef ...

units:       1000
#layers:     13
#macros:     442
#vias:       25
#viarulegen: 25

reading def ...
defIn read 10000 components
defIn read 20000 components
defIn read 30000 components
defIn read 40000 components
defIn read 50000 components
defIn read 60000 components
defIn read 10000 nets

design:      picorv32a
die area:    ( 0 0 ) ( 731615 742335 )
trackPts:    12
defvias:     4
#components: 65619
#terminals:  429
#snets:      2
#nets:       18084

reading guide ...
guideIn read 100000 guides

#guides:     138941
Warning: met2 does not have viaDef align with layer direction, generating new viaDef via2_FR...
Warning: met4 does not have viaDef align with layer direction, generating new viaDef via4_FR...
done initConstraintLayerIdx
List of default vias:
  Layer mcon
    default via: L1M1_PR_MR
  Layer via
    default via: M1M2_PR
  Layer via2
    default via: via2_FR
  Layer via3
    default via: M3M4_PR_M
  Layer via4
    default via: via4_FR
Writing reference output def...

libcell analysis ...

instance analysis ...
  complete 10000 instances
  complete 20000 instances
  complete 30000 instances
  complete 40000 instances
  complete 50000 instances
  complete 60000 instances
#unique instances = 399

init region query ...
  complete 10000 insts
  complete 20000 insts
  complete 30000 insts
  complete 40000 insts
  complete 50000 insts
  complete 60000 insts
  complete FR_MASTERSLICE
  complete FR_VIA
  complete li1
  complete mcon
  complete met1
  complete via
  complete met2
  complete via2
  complete met3
  complete via3
  complete met4
  complete via4
  complete met5

FR_MASTERSLICE shape region query size = 0
FR_VIA shape region query size = 0
li1 shape region query size = 832351
mcon shape region query size = 840835
met1 shape region query size = 173962
via shape region query size = 5300
met2 shape region query size = 2895
via2 shape region query size = 5300
met3 shape region query size = 2814
via3 shape region query size = 5300
met4 shape region query size = 1395
via4 shape region query size = 50
met5 shape region query size = 70


start pin access
  complete 100 pins
  complete 200 pins
  complete 300 pins
  complete 400 pins
  complete 500 pins
  complete 600 pins
  complete 700 pins
  complete 800 pins
  complete 900 pins
  complete 1000 pins
  complete 1559 pins
  complete 100 unique inst patterns
  complete 200 unique inst patterns
  complete 300 unique inst patterns
  complete 393 unique inst patterns
  complete 1000 groups
  complete 2000 groups
  complete 3000 groups
  complete 4000 groups
  complete 5000 groups
  complete 6000 groups
  complete 7000 groups
  complete 8000 groups
  complete 9000 groups
  complete 10000 groups
  complete 17662 groups
Expt1 runtime (pin-level access point gen): 4.41416
Expt2 runtime (design-level access pattern gen): 1.4959
#scanned instances     = 65619
#unique  instances     = 399
#stdCellGenAp          = 9750
#stdCellValidPlanarAp  = 135
#stdCellValidViaAp     = 7120
#stdCellPinNoAp        = 0
#stdCellPinCnt         = 60534
#instTermValidViaApCnt = 0
#macroGenAp            = 0
#macroValidPlanarAp    = 0
#macroValidViaAp       = 0
#macroNoAp             = 0

complete pin access
cpu time = 00:00:22, elapsed time = 00:00:05, memory = 153.71 (MB), peak = 171.33 (MB)

post process guides ...
GCELLGRID X 0 DO 107 STEP 6900 ;
GCELLGRID Y 0 DO 106 STEP 6900 ;
  complete 10000 orig guides
  complete 20000 orig guides
  complete 30000 orig guides
  complete 40000 orig guides
  complete 50000 orig guides
  complete 60000 orig guides
  complete 70000 orig guides
  complete 80000 orig guides
  complete 90000 orig guides
  complete 100000 orig guides
  complete FR_MASTERSLICE
  complete FR_VIA
  complete li1
  complete mcon
  complete met1
  complete via
  complete met2
  complete via2
  complete met3
  complete via3
  complete met4
  complete via4
  complete met5
  complete 10000 nets

building cmap ... 

init guide query ...
  complete 10000 nets (guide)
  complete FR_MASTERSLICE (guide)
  complete FR_VIA (guide)
  complete li1 (guide)
  complete mcon (guide)
  complete met1 (guide)
  complete via (guide)
  complete met2 (guide)
  complete via2 (guide)
  complete met3 (guide)
  complete via3 (guide)
  complete met4 (guide)
  complete via4 (guide)
  complete met5 (guide)

FR_MASTERSLICE guide region query size = 0
FR_VIA guide region query size = 0
li1 guide region query size = 50368
mcon guide region query size = 0
met1 guide region query size = 44493
via guide region query size = 0
met2 guide region query size = 24556
via2 guide region query size = 0
met3 guide region query size = 945
via3 guide region query size = 0
met4 guide region query size = 88
via4 guide region query size = 0
met5 guide region query size = 0

init gr pin query ...


start track assignment
Done with 75012 vertical wires in 3 frboxes and 45438 horizontal wires in 3 frboxes.
Done with 11505 vertical wires in 3 frboxes and 16775 horizontal wires in 3 frboxes.

complete track assignment
cpu time = 00:00:21, elapsed time = 00:00:10, memory = 292.34 (MB), peak = 532.15 (MB)

post processing ...

start routing data preparation
initVia2ViaMinLen_minSpc li1 (d2d, d2u, u2d, u2u) = (0, 0, 0, 370)
initVia2ViaMinLen_minSpc met1 (d2d, d2u, u2d, u2u) = (430, 445, 445, 460)
initVia2ViaMinLen_minSpc met2 (d2d, d2u, u2d, u2u) = (460, 485, 485, 630)
initVia2ViaMinLen_minSpc met3 (d2d, d2u, u2d, u2u) = (630, 655, 655, 680)
initVia2ViaMinLen_minSpc met4 (d2d, d2u, u2d, u2u) = (630, 1055, 1055, 3020)
initVia2ViaMinLen_minSpc met5 (d2d, d2u, u2d, u2u) = (1480, 0, 0, 0)
initVia2ViaMinLen_minimumcut li1 (d2d, d2u, u2d, u2u) = (0, 0, 0, 370)
initVia2ViaMinLen_minimumcut li1 zerolen (b, b, b, b) = (1, 1, 1, 1)
initVia2ViaMinLen_minimumcut met1 (d2d, d2u, u2d, u2u) = (430, 445, 445, 460)
initVia2ViaMinLen_minimumcut met1 zerolen (b, b, b, b) = (1, 1, 1, 1)
initVia2ViaMinLen_minimumcut met2 (d2d, d2u, u2d, u2u) = (460, 485, 485, 630)
initVia2ViaMinLen_minimumcut met2 zerolen (b, b, b, b) = (1, 1, 1, 1)
initVia2ViaMinLen_minimumcut met3 (d2d, d2u, u2d, u2u) = (630, 655, 655, 680)
initVia2ViaMinLen_minimumcut met3 zerolen (b, b, b, b) = (1, 1, 1, 1)
initVia2ViaMinLen_minimumcut met4 (d2d, d2u, u2d, u2u) = (630, 1055, 1055, 3020)
initVia2ViaMinLen_minimumcut met4 zerolen (b, b, b, b) = (1, 1, 1, 1)
initVia2ViaMinLen_minimumcut met5 (d2d, d2u, u2d, u2u) = (1480, 0, 0, 0)
initVia2ViaMinLen_minimumcut met5 zerolen (b, b, b, b) = (1, 1, 1, 1)
initVia2ViaMinLenNew_minSpc li1 (d2d-x, d2d-y, d2u-x, d2u-y, u2d-x, u2d-y, u2u-x, u2u-y) = (0, 0, 0, 0, 0, 0, 430, 370)
initVia2ViaMinLenNew_minSpc met1 (d2d-x, d2d-y, d2u-x, d2u-y, u2d-x, u2d-y, u2u-x, u2u-y) = (430, 370, 445, 385, 445, 385, 460, 460)
initVia2ViaMinLenNew_minSpc met2 (d2d-x, d2d-y, d2u-x, d2u-y, u2d-x, u2d-y, u2u-x, u2u-y) = (460, 460, 410, 485, 410, 485, 630, 630)
initVia2ViaMinLenNew_minSpc met3 (d2d-x, d2d-y, d2u-x, d2u-y, u2d-x, u2d-y, u2u-x, u2u-y) = (630, 630, 655, 625, 655, 625, 680, 630)
initVia2ViaMinLenNew_minSpc met4 (d2d-x, d2d-y, d2u-x, d2u-y, u2d-x, u2d-y, u2u-x, u2u-y) = (680, 630, 1055, 1055, 1055, 1055, 3020, 3020)
initVia2ViaMinLenNew_minSpc met5 (d2d-x, d2d-y, d2u-x, d2u-y, u2d-x, u2d-y, u2u-x, u2u-y) = (1480, 1480, 0, 0, 0, 0, 0, 0)
initVia2ViaMinLenNew_minimumcut li1 (d2d-x, d2d-y, d2u-x, d2u-y, u2d-x, u2d-y, u2u-x, u2u-y) = (0, 0, 0, 0, 0, 0, 430, 370)
initVia2ViaMinLenNew_minimumcut met1 (d2d-x, d2d-y, d2u-x, d2u-y, u2d-x, u2d-y, u2u-x, u2u-y) = (430, 370, 445, 385, 445, 385, 460, 460)
initVia2ViaMinLenNew_minimumcut met2 (d2d-x, d2d-y, d2u-x, d2u-y, u2d-x, u2d-y, u2u-x, u2u-y) = (460, 460, 410, 485, 410, 485, 630, 630)
initVia2ViaMinLenNew_minimumcut met3 (d2d-x, d2d-y, d2u-x, d2u-y, u2d-x, u2d-y, u2u-x, u2u-y) = (630, 630, 655, 625, 655, 625, 680, 630)
initVia2ViaMinLenNew_minimumcut met4 (d2d-x, d2d-y, d2u-x, d2u-y, u2d-x, u2d-y, u2u-x, u2u-y) = (680, 630, 1055, 1055, 1055, 1055, 3020, 3020)
initVia2ViaMinLenNew_minimumcut met5 (d2d-x, d2d-y, d2u-x, d2u-y, u2d-x, u2d-y, u2u-x, u2u-y) = (1480, 1480, 0, 0, 0, 0, 0, 0)
initVia2ViaMinLenNew_cutSpc li1 (d2d-x, d2d-y, d2u-x, d2u-y, u2d-x, u2d-y, u2u-x, u2u-y) = (0, 0, 0, 0, 0, 0, 430, 370)
initVia2ViaMinLenNew_cutSpc met1 (d2d-x, d2d-y, d2u-x, d2u-y, u2d-x, u2d-y, u2u-x, u2u-y) = (430, 370, 445, 385, 445, 385, 460, 460)
initVia2ViaMinLenNew_cutSpc met2 (d2d-x, d2d-y, d2u-x, d2u-y, u2d-x, u2d-y, u2u-x, u2u-y) = (460, 460, 410, 485, 410, 485, 630, 630)
initVia2ViaMinLenNew_cutSpc met3 (d2d-x, d2d-y, d2u-x, d2u-y, u2d-x, u2d-y, u2u-x, u2u-y) = (630, 630, 655, 625, 655, 625, 680, 630)
initVia2ViaMinLenNew_cutSpc met4 (d2d-x, d2d-y, d2u-x, d2u-y, u2d-x, u2d-y, u2u-x, u2u-y) = (680, 630, 1055, 1055, 1055, 1055, 3020, 3020)
initVia2ViaMinLenNew_cutSpc met5 (d2d-x, d2d-y, d2u-x, d2u-y, u2d-x, u2d-y, u2u-x, u2u-y) = (1600, 1600, 0, 0, 0, 0, 0, 0)
cpu time = 00:00:00, elapsed time = 00:00:00, memory = 292.34 (MB), peak = 532.15 (MB)

start detail routing ...
start 0th optimization iteration ...
    completing 10% with 0 violations
    elapsed time = 00:00:10, memory = 392.40 (MB)
    completing 20% with 0 violations
    elapsed time = 00:00:27, memory = 421.12 (MB)
    completing 30% with 3743 violations
    elapsed time = 00:00:31, memory = 398.21 (MB)
    completing 40% with 3743 violations
    elapsed time = 00:00:49, memory = 421.04 (MB)
    completing 50% with 3743 violations
    elapsed time = 00:00:56, memory = 421.20 (MB)
    completing 60% with 6939 violations
    elapsed time = 00:01:22, memory = 412.84 (MB)
    completing 70% with 6939 violations
    elapsed time = 00:01:48, memory = 425.71 (MB)
    completing 80% with 10423 violations
    elapsed time = 00:01:59, memory = 417.65 (MB)
    completing 90% with 10423 violations
    elapsed time = 00:02:36, memory = 436.16 (MB)
    completing 100% with 13917 violations
    elapsed time = 00:02:49, memory = 339.01 (MB)
  number of violations = 16902
cpu time = 00:11:11, elapsed time = 00:02:54, memory = 732.94 (MB), peak = 733.11 (MB)
total wire length = 1113870 um
total wire length on LAYER li1 = 2183 um
total wire length on LAYER met1 = 520850 um
total wire length on LAYER met2 = 488298 um
total wire length on LAYER met3 = 90595 um
total wire length on LAYER met4 = 11942 um
total wire length on LAYER met5 = 0 um
total number of vias = 142666
up-via summary (total 142666):

-------------------------
 FR_MASTERSLICE         0
            li1     60563
           met1     78811
           met2      3073
           met3       219
           met4         0
-------------------------
                   142666


start 1st optimization iteration ...
    completing 10% with 16902 violations
    elapsed time = 00:00:18, memory = 817.67 (MB)
    completing 20% with 16902 violations
    elapsed time = 00:00:48, memory = 830.30 (MB)
    completing 30% with 14151 violations
    elapsed time = 00:00:56, memory = 777.64 (MB)
    completing 40% with 14151 violations
    elapsed time = 00:01:24, memory = 815.15 (MB)
    completing 50% with 14151 violations
    elapsed time = 00:01:44, memory = 823.77 (MB)
    completing 60% with 11749 violations
    elapsed time = 00:02:09, memory = 811.09 (MB)
    completing 70% with 11749 violations
    elapsed time = 00:02:36, memory = 833.23 (MB)
    completing 80% with 9449 violations
    elapsed time = 00:02:45, memory = 785.91 (MB)
    completing 90% with 9449 violations
    elapsed time = 00:03:19, memory = 832.32 (MB)
    completing 100% with 7312 violations
    elapsed time = 00:03:33, memory = 687.15 (MB)
  number of violations = 7330
cpu time = 00:13:52, elapsed time = 00:03:36, memory = 687.15 (MB), peak = 833.23 (MB)
total wire length = 1108378 um
total wire length on LAYER li1 = 1958 um
total wire length on LAYER met1 = 517407 um
total wire length on LAYER met2 = 485395 um
total wire length on LAYER met3 = 91537 um
total wire length on LAYER met4 = 12078 um
total wire length on LAYER met5 = 0 um
total number of vias = 142289
up-via summary (total 142289):

-------------------------
 FR_MASTERSLICE         0
            li1     60512
           met1     78178
           met2      3364
           met3       235
           met4         0
-------------------------
                   142289


start 2nd optimization iteration ...
    completing 10% with 7330 violations
    elapsed time = 00:00:13, memory = 801.36 (MB)
    completing 20% with 7330 violations
    elapsed time = 00:00:44, memory = 822.27 (MB)
    completing 30% with 7256 violations
    elapsed time = 00:00:51, memory = 797.12 (MB)
    completing 40% with 7256 violations
    elapsed time = 00:01:19, memory = 822.87 (MB)
    completing 50% with 7256 violations
    elapsed time = 00:01:36, memory = 825.86 (MB)
    completing 60% with 6988 violations
    elapsed time = 00:01:57, memory = 820.39 (MB)
    completing 70% with 6988 violations
    elapsed time = 00:02:23, memory = 827.60 (MB)
    completing 80% with 6974 violations
    elapsed time = 00:02:32, memory = 783.17 (MB)
    completing 90% with 6974 violations
    elapsed time = 00:03:04, memory = 820.04 (MB)
    completing 100% with 6873 violations
    elapsed time = 00:03:23, memory = 687.36 (MB)
  number of violations = 6885
cpu time = 00:13:12, elapsed time = 00:03:25, memory = 687.36 (MB), peak = 833.73 (MB)
total wire length = 1106193 um
total wire length on LAYER li1 = 1939 um
total wire length on LAYER met1 = 517455 um
total wire length on LAYER met2 = 483910 um
total wire length on LAYER met3 = 90979 um
total wire length on LAYER met4 = 11907 um
total wire length on LAYER met5 = 0 um
total number of vias = 141860
up-via summary (total 141860):

-------------------------
 FR_MASTERSLICE         0
            li1     60509
           met1     77872
           met2      3263
           met3       216
           met4         0
-------------------------
                   141860


start 3rd optimization iteration ...
    completing 10% with 6885 violations
    elapsed time = 00:00:10, memory = 830.44 (MB)
    completing 20% with 6885 violations
    elapsed time = 00:00:34, memory = 849.58 (MB)
    completing 30% with 5367 violations
    elapsed time = 00:00:44, memory = 784.35 (MB)
    completing 40% with 5367 violations
    elapsed time = 00:01:01, memory = 836.19 (MB)
    completing 50% with 5367 violations
    elapsed time = 00:01:12, memory = 839.57 (MB)
    completing 60% with 3857 violations
    elapsed time = 00:01:28, memory = 828.75 (MB)
    completing 70% with 3857 violations
    elapsed time = 00:01:38, memory = 839.91 (MB)
    completing 80% with 2425 violations
    elapsed time = 00:01:41, memory = 799.03 (MB)
    completing 90% with 2425 violations
    elapsed time = 00:01:50, memory = 842.77 (MB)
    completing 100% with 742 violations
    elapsed time = 00:01:54, memory = 731.23 (MB)
  number of violations = 742
cpu time = 00:07:02, elapsed time = 00:01:55, memory = 731.23 (MB), peak = 849.79 (MB)
total wire length = 1103730 um
total wire length on LAYER li1 = 2026 um
total wire length on LAYER met1 = 484393 um
total wire length on LAYER met2 = 482058 um
total wire length on LAYER met3 = 121681 um
total wire length on LAYER met4 = 13570 um
total wire length on LAYER met5 = 0 um
total number of vias = 145150
up-via summary (total 145150):

-------------------------
 FR_MASTERSLICE         0
            li1     60439
           met1     77942
           met2      6405
           met3       364
           met4         0
-------------------------
                   145150


start 4th optimization iteration ...
    completing 10% with 742 violations
    elapsed time = 00:00:01, memory = 808.57 (MB)
    completing 20% with 742 violations
    elapsed time = 00:00:02, memory = 832.55 (MB)
    completing 30% with 486 violations
    elapsed time = 00:00:03, memory = 728.34 (MB)
    completing 40% with 486 violations
    elapsed time = 00:00:04, memory = 796.20 (MB)
    completing 50% with 486 violations
    elapsed time = 00:00:07, memory = 828.88 (MB)
    completing 60% with 375 violations
    elapsed time = 00:00:09, memory = 814.72 (MB)
    completing 70% with 375 violations
    elapsed time = 00:00:11, memory = 836.38 (MB)
    completing 80% with 218 violations
    elapsed time = 00:00:11, memory = 789.18 (MB)
    completing 90% with 218 violations
    elapsed time = 00:00:13, memory = 820.40 (MB)
    completing 100% with 94 violations
    elapsed time = 00:00:14, memory = 820.84 (MB)
  number of violations = 94
cpu time = 00:00:48, elapsed time = 00:00:14, memory = 820.84 (MB), peak = 849.79 (MB)
total wire length = 1103605 um
total wire length on LAYER li1 = 2027 um
total wire length on LAYER met1 = 483260 um
total wire length on LAYER met2 = 481923 um
total wire length on LAYER met3 = 122784 um
total wire length on LAYER met4 = 13609 um
total wire length on LAYER met5 = 0 um
total number of vias = 145174
up-via summary (total 145174):

-------------------------
 FR_MASTERSLICE         0
            li1     60440
           met1     77865
           met2      6495
           met3       374
           met4         0
-------------------------
                   145174


start 5th optimization iteration ...
    completing 10% with 94 violations
    elapsed time = 00:00:00, memory = 820.84 (MB)
    completing 20% with 94 violations
    elapsed time = 00:00:01, memory = 820.84 (MB)
    completing 30% with 94 violations
    elapsed time = 00:00:01, memory = 820.84 (MB)
    completing 40% with 94 violations
    elapsed time = 00:00:02, memory = 820.99 (MB)
    completing 50% with 94 violations
    elapsed time = 00:00:02, memory = 820.99 (MB)
    completing 60% with 94 violations
    elapsed time = 00:00:03, memory = 820.99 (MB)
    completing 70% with 94 violations
    elapsed time = 00:00:04, memory = 820.99 (MB)
    completing 80% with 80 violations
    elapsed time = 00:00:05, memory = 820.99 (MB)
    completing 90% with 80 violations
    elapsed time = 00:00:05, memory = 820.99 (MB)
    completing 100% with 64 violations
    elapsed time = 00:00:06, memory = 820.99 (MB)
  number of violations = 64
cpu time = 00:00:23, elapsed time = 00:00:06, memory = 820.99 (MB), peak = 849.79 (MB)
total wire length = 1103602 um
total wire length on LAYER li1 = 2027 um
total wire length on LAYER met1 = 483193 um
total wire length on LAYER met2 = 481895 um
total wire length on LAYER met3 = 122842 um
total wire length on LAYER met4 = 13644 um
total wire length on LAYER met5 = 0 um
total number of vias = 145179
up-via summary (total 145179):

-------------------------
 FR_MASTERSLICE         0
            li1     60440
           met1     77859
           met2      6504
           met3       376
           met4         0
-------------------------
                   145179


start 6th optimization iteration ...
    completing 10% with 64 violations
    elapsed time = 00:00:00, memory = 820.99 (MB)
    completing 20% with 64 violations
    elapsed time = 00:00:01, memory = 820.99 (MB)
    completing 30% with 64 violations
    elapsed time = 00:00:01, memory = 820.99 (MB)
    completing 40% with 64 violations
    elapsed time = 00:00:02, memory = 820.99 (MB)
    completing 50% with 64 violations
    elapsed time = 00:00:02, memory = 820.99 (MB)
    completing 60% with 64 violations
    elapsed time = 00:00:03, memory = 820.99 (MB)
    completing 70% with 64 violations
    elapsed time = 00:00:04, memory = 820.99 (MB)
    completing 80% with 62 violations
    elapsed time = 00:00:04, memory = 820.99 (MB)
    completing 90% with 62 violations
    elapsed time = 00:00:05, memory = 820.99 (MB)
    completing 100% with 62 violations
    elapsed time = 00:00:06, memory = 820.99 (MB)
  number of violations = 62
cpu time = 00:00:23, elapsed time = 00:00:06, memory = 820.99 (MB), peak = 849.79 (MB)
total wire length = 1103618 um
total wire length on LAYER li1 = 2027 um
total wire length on LAYER met1 = 483191 um
total wire length on LAYER met2 = 481900 um
total wire length on LAYER met3 = 122854 um
total wire length on LAYER met4 = 13644 um
total wire length on LAYER met5 = 0 um
total number of vias = 145180
up-via summary (total 145180):

-------------------------
 FR_MASTERSLICE         0
            li1     60440
           met1     77858
           met2      6506
           met3       376
           met4         0
-------------------------
                   145180


start 7th optimization iteration ...
    completing 10% with 62 violations
    elapsed time = 00:00:00, memory = 820.99 (MB)
    completing 20% with 62 violations
    elapsed time = 00:00:01, memory = 820.99 (MB)
    completing 30% with 62 violations
    elapsed time = 00:00:01, memory = 820.99 (MB)
    completing 40% with 62 violations
    elapsed time = 00:00:02, memory = 820.99 (MB)
    completing 50% with 62 violations
    elapsed time = 00:00:03, memory = 820.99 (MB)
    completing 60% with 62 violations
    elapsed time = 00:00:03, memory = 820.99 (MB)
    completing 70% with 62 violations
    elapsed time = 00:00:04, memory = 820.99 (MB)
    completing 80% with 58 violations
    elapsed time = 00:00:04, memory = 820.99 (MB)
    completing 90% with 58 violations
    elapsed time = 00:00:05, memory = 820.99 (MB)
    completing 100% with 58 violations
    elapsed time = 00:00:06, memory = 820.99 (MB)
  number of violations = 58
cpu time = 00:00:23, elapsed time = 00:00:06, memory = 820.99 (MB), peak = 849.79 (MB)
total wire length = 1103614 um
total wire length on LAYER li1 = 2026 um
total wire length on LAYER met1 = 483188 um
total wire length on LAYER met2 = 481900 um
total wire length on LAYER met3 = 122854 um
total wire length on LAYER met4 = 13644 um
total wire length on LAYER met5 = 0 um
total number of vias = 145178
up-via summary (total 145178):

-------------------------
 FR_MASTERSLICE         0
            li1     60438
           met1     77858
           met2      6506
           met3       376
           met4         0
-------------------------
                   145178


start 8th optimization iteration ...
    completing 10% with 58 violations
    elapsed time = 00:00:00, memory = 820.99 (MB)
    completing 20% with 58 violations
    elapsed time = 00:00:01, memory = 820.99 (MB)
    completing 30% with 58 violations
    elapsed time = 00:00:01, memory = 820.99 (MB)
    completing 40% with 58 violations
    elapsed time = 00:00:02, memory = 820.99 (MB)
    completing 50% with 58 violations
    elapsed time = 00:00:02, memory = 820.99 (MB)
    completing 60% with 58 violations
    elapsed time = 00:00:03, memory = 820.99 (MB)
    completing 70% with 58 violations
    elapsed time = 00:00:03, memory = 820.99 (MB)
    completing 80% with 58 violations
    elapsed time = 00:00:04, memory = 820.99 (MB)
    completing 90% with 58 violations
    elapsed time = 00:00:05, memory = 820.99 (MB)
    completing 100% with 58 violations
    elapsed time = 00:00:05, memory = 820.99 (MB)
  number of violations = 58
cpu time = 00:00:22, elapsed time = 00:00:05, memory = 820.99 (MB), peak = 849.79 (MB)
total wire length = 1103611 um
total wire length on LAYER li1 = 2024 um
total wire length on LAYER met1 = 483187 um
total wire length on LAYER met2 = 481900 um
total wire length on LAYER met3 = 122854 um
total wire length on LAYER met4 = 13644 um
total wire length on LAYER met5 = 0 um
total number of vias = 145176
up-via summary (total 145176):

-------------------------
 FR_MASTERSLICE         0
            li1     60436
           met1     77858
           met2      6506
           met3       376
           met4         0
-------------------------
                   145176


start 9th optimization iteration ...
    completing 10% with 58 violations
    elapsed time = 00:00:00, memory = 820.99 (MB)
    completing 20% with 58 violations
    elapsed time = 00:00:00, memory = 820.99 (MB)
    completing 30% with 57 violations
    elapsed time = 00:00:01, memory = 820.99 (MB)
    completing 40% with 57 violations
    elapsed time = 00:00:01, memory = 820.99 (MB)
    completing 50% with 57 violations
    elapsed time = 00:00:02, memory = 820.99 (MB)
    completing 60% with 57 violations
    elapsed time = 00:00:03, memory = 820.99 (MB)
    completing 70% with 57 violations
    elapsed time = 00:00:03, memory = 820.99 (MB)
    completing 80% with 57 violations
    elapsed time = 00:00:04, memory = 820.99 (MB)
    completing 90% with 57 violations
    elapsed time = 00:00:05, memory = 820.99 (MB)
    completing 100% with 57 violations
    elapsed time = 00:00:05, memory = 820.99 (MB)
  number of violations = 57
cpu time = 00:00:21, elapsed time = 00:00:05, memory = 820.99 (MB), peak = 849.79 (MB)
total wire length = 1103610 um
total wire length on LAYER li1 = 2024 um
total wire length on LAYER met1 = 483187 um
total wire length on LAYER met2 = 481900 um
total wire length on LAYER met3 = 122855 um
total wire length on LAYER met4 = 13644 um
total wire length on LAYER met5 = 0 um
total number of vias = 145176
up-via summary (total 145176):

-------------------------
 FR_MASTERSLICE         0
            li1     60436
           met1     77858
           met2      6506
           met3       376
           met4         0
-------------------------
                   145176


start 10th optimization iteration ...
    completing 10% with 57 violations
    elapsed time = 00:00:00, memory = 820.99 (MB)
    completing 20% with 57 violations
    elapsed time = 00:00:01, memory = 820.99 (MB)
    completing 30% with 57 violations
    elapsed time = 00:00:01, memory = 820.99 (MB)
    completing 40% with 57 violations
    elapsed time = 00:00:02, memory = 820.99 (MB)
    completing 50% with 57 violations
    elapsed time = 00:00:02, memory = 820.99 (MB)
    completing 60% with 57 violations
    elapsed time = 00:00:03, memory = 820.99 (MB)
    completing 70% with 57 violations
    elapsed time = 00:00:04, memory = 820.99 (MB)
    completing 80% with 56 violations
    elapsed time = 00:00:04, memory = 820.99 (MB)
    completing 90% with 56 violations
    elapsed time = 00:00:05, memory = 820.99 (MB)
    completing 100% with 52 violations
    elapsed time = 00:00:05, memory = 820.99 (MB)
  number of violations = 52
cpu time = 00:00:21, elapsed time = 00:00:05, memory = 820.99 (MB), peak = 849.79 (MB)
total wire length = 1103607 um
total wire length on LAYER li1 = 2024 um
total wire length on LAYER met1 = 483181 um
total wire length on LAYER met2 = 481902 um
total wire length on LAYER met3 = 122855 um
total wire length on LAYER met4 = 13644 um
total wire length on LAYER met5 = 0 um
total number of vias = 145176
up-via summary (total 145176):

-------------------------
 FR_MASTERSLICE         0
            li1     60436
           met1     77858
           met2      6506
           met3       376
           met4         0
-------------------------
                   145176


start 11th optimization iteration ...
    completing 10% with 52 violations
    elapsed time = 00:00:00, memory = 820.99 (MB)
    completing 20% with 52 violations
    elapsed time = 00:00:01, memory = 820.99 (MB)
    completing 30% with 52 violations
    elapsed time = 00:00:01, memory = 820.99 (MB)
    completing 40% with 52 violations
    elapsed time = 00:00:02, memory = 820.99 (MB)
    completing 50% with 52 violations
    elapsed time = 00:00:02, memory = 820.99 (MB)
    completing 60% with 52 violations
    elapsed time = 00:00:03, memory = 820.99 (MB)
    completing 70% with 52 violations
    elapsed time = 00:00:04, memory = 820.99 (MB)
    completing 80% with 52 violations
    elapsed time = 00:00:04, memory = 820.99 (MB)
    completing 90% with 52 violations
    elapsed time = 00:00:05, memory = 820.99 (MB)
    completing 100% with 52 violations
    elapsed time = 00:00:05, memory = 820.99 (MB)
  number of violations = 52
cpu time = 00:00:21, elapsed time = 00:00:05, memory = 820.99 (MB), peak = 849.79 (MB)
total wire length = 1103609 um
total wire length on LAYER li1 = 2040 um
total wire length on LAYER met1 = 483182 um
total wire length on LAYER met2 = 481886 um
total wire length on LAYER met3 = 122855 um
total wire length on LAYER met4 = 13644 um
total wire length on LAYER met5 = 0 um
total number of vias = 145178
up-via summary (total 145178):

-------------------------
 FR_MASTERSLICE         0
            li1     60440
           met1     77856
           met2      6506
           met3       376
           met4         0
-------------------------
                   145178


start 12th optimization iteration ...
    completing 10% with 52 violations
    elapsed time = 00:00:00, memory = 820.99 (MB)
    completing 20% with 52 violations
    elapsed time = 00:00:01, memory = 820.99 (MB)
    completing 30% with 52 violations
    elapsed time = 00:00:01, memory = 820.99 (MB)
    completing 40% with 52 violations
    elapsed time = 00:00:02, memory = 820.99 (MB)
    completing 50% with 52 violations
    elapsed time = 00:00:02, memory = 820.99 (MB)
    completing 60% with 52 violations
    elapsed time = 00:00:03, memory = 820.99 (MB)
    completing 70% with 52 violations
    elapsed time = 00:00:04, memory = 820.99 (MB)
    completing 80% with 52 violations
    elapsed time = 00:00:04, memory = 820.99 (MB)
    completing 90% with 52 violations
    elapsed time = 00:00:05, memory = 820.99 (MB)
    completing 100% with 52 violations
    elapsed time = 00:00:06, memory = 820.99 (MB)
  number of violations = 52
cpu time = 00:00:23, elapsed time = 00:00:06, memory = 820.99 (MB), peak = 849.79 (MB)
total wire length = 1103609 um
total wire length on LAYER li1 = 2040 um
total wire length on LAYER met1 = 483183 um
total wire length on LAYER met2 = 481885 um
total wire length on LAYER met3 = 122855 um
total wire length on LAYER met4 = 13644 um
total wire length on LAYER met5 = 0 um
total number of vias = 145178
up-via summary (total 145178):

-------------------------
 FR_MASTERSLICE         0
            li1     60440
           met1     77856
           met2      6506
           met3       376
           met4         0
-------------------------
                   145178


start 13th optimization iteration ...
    completing 10% with 52 violations
    elapsed time = 00:00:00, memory = 820.99 (MB)
    completing 20% with 52 violations
    elapsed time = 00:00:01, memory = 820.99 (MB)
    completing 30% with 52 violations
    elapsed time = 00:00:02, memory = 820.99 (MB)
    completing 40% with 52 violations
    elapsed time = 00:00:03, memory = 820.99 (MB)
    completing 50% with 52 violations
    elapsed time = 00:00:04, memory = 820.99 (MB)
    completing 60% with 52 violations
    elapsed time = 00:00:05, memory = 820.99 (MB)
    completing 70% with 52 violations
    elapsed time = 00:00:05, memory = 820.99 (MB)
    completing 80% with 52 violations
    elapsed time = 00:00:06, memory = 820.99 (MB)
    completing 90% with 52 violations
    elapsed time = 00:00:07, memory = 820.99 (MB)
    completing 100% with 52 violations
    elapsed time = 00:00:08, memory = 820.99 (MB)
  number of violations = 52
cpu time = 00:00:32, elapsed time = 00:00:08, memory = 820.99 (MB), peak = 849.79 (MB)
total wire length = 1103611 um
total wire length on LAYER li1 = 2042 um
total wire length on LAYER met1 = 483184 um
total wire length on LAYER met2 = 481884 um
total wire length on LAYER met3 = 122855 um
total wire length on LAYER met4 = 13644 um
total wire length on LAYER met5 = 0 um
total number of vias = 145180
up-via summary (total 145180):

-------------------------
 FR_MASTERSLICE         0
            li1     60442
           met1     77856
           met2      6506
           met3       376
           met4         0
-------------------------
                   145180


start 14th optimization iteration ...
    completing 10% with 52 violations
    elapsed time = 00:00:00, memory = 820.99 (MB)
    completing 20% with 52 violations
    elapsed time = 00:00:01, memory = 820.99 (MB)
    completing 30% with 52 violations
    elapsed time = 00:00:02, memory = 820.99 (MB)
    completing 40% with 52 violations
    elapsed time = 00:00:03, memory = 820.99 (MB)
    completing 50% with 52 violations
    elapsed time = 00:00:04, memory = 820.99 (MB)
    completing 60% with 52 violations
    elapsed time = 00:00:04, memory = 820.99 (MB)
    completing 70% with 52 violations
    elapsed time = 00:00:05, memory = 820.99 (MB)
    completing 80% with 52 violations
    elapsed time = 00:00:06, memory = 820.99 (MB)
    completing 90% with 52 violations
    elapsed time = 00:00:07, memory = 820.99 (MB)
    completing 100% with 52 violations
    elapsed time = 00:00:08, memory = 820.99 (MB)
  number of violations = 52
cpu time = 00:00:33, elapsed time = 00:00:08, memory = 820.99 (MB), peak = 849.79 (MB)
total wire length = 1103610 um
total wire length on LAYER li1 = 2042 um
total wire length on LAYER met1 = 483183 um
total wire length on LAYER met2 = 481884 um
total wire length on LAYER met3 = 122855 um
total wire length on LAYER met4 = 13644 um
total wire length on LAYER met5 = 0 um
total number of vias = 145178
up-via summary (total 145178):

-------------------------
 FR_MASTERSLICE         0
            li1     60440
           met1     77856
           met2      6506
           met3       376
           met4         0
-------------------------
                   145178


start 15th optimization iteration ...
    completing 10% with 52 violations
    elapsed time = 00:00:00, memory = 820.99 (MB)
    completing 20% with 52 violations
    elapsed time = 00:00:01, memory = 820.99 (MB)
    completing 30% with 52 violations
    elapsed time = 00:00:02, memory = 820.99 (MB)
    completing 40% with 52 violations
    elapsed time = 00:00:03, memory = 820.99 (MB)
    completing 50% with 52 violations
    elapsed time = 00:00:03, memory = 820.99 (MB)
    completing 60% with 52 violations
    elapsed time = 00:00:04, memory = 820.99 (MB)
    completing 70% with 52 violations
    elapsed time = 00:00:05, memory = 820.99 (MB)
    completing 80% with 52 violations
    elapsed time = 00:00:05, memory = 820.99 (MB)
    completing 90% with 52 violations
    elapsed time = 00:00:06, memory = 820.99 (MB)
    completing 100% with 52 violations
    elapsed time = 00:00:07, memory = 820.99 (MB)
  number of violations = 52
cpu time = 00:00:28, elapsed time = 00:00:07, memory = 820.99 (MB), peak = 849.79 (MB)
total wire length = 1103608 um
total wire length on LAYER li1 = 2040 um
total wire length on LAYER met1 = 483182 um
total wire length on LAYER met2 = 481885 um
total wire length on LAYER met3 = 122855 um
total wire length on LAYER met4 = 13644 um
total wire length on LAYER met5 = 0 um
total number of vias = 145176
up-via summary (total 145176):

-------------------------
 FR_MASTERSLICE         0
            li1     60438
           met1     77856
           met2      6506
           met3       376
           met4         0
-------------------------
                   145176


start 16th optimization iteration ...
    completing 10% with 52 violations
    elapsed time = 00:00:00, memory = 820.99 (MB)
    completing 20% with 52 violations
    elapsed time = 00:00:01, memory = 820.99 (MB)
    completing 30% with 52 violations
    elapsed time = 00:00:01, memory = 820.99 (MB)
    completing 40% with 52 violations
    elapsed time = 00:00:02, memory = 820.99 (MB)
    completing 50% with 52 violations
    elapsed time = 00:00:03, memory = 820.99 (MB)
    completing 60% with 52 violations
    elapsed time = 00:00:03, memory = 820.99 (MB)
    completing 70% with 52 violations
    elapsed time = 00:00:04, memory = 820.99 (MB)
    completing 80% with 52 violations
    elapsed time = 00:00:05, memory = 820.99 (MB)
    completing 90% with 52 violations
    elapsed time = 00:00:05, memory = 820.99 (MB)
    completing 100% with 52 violations
    elapsed time = 00:00:06, memory = 820.99 (MB)
  number of violations = 52
cpu time = 00:00:24, elapsed time = 00:00:06, memory = 820.99 (MB), peak = 849.79 (MB)
total wire length = 1103607 um
total wire length on LAYER li1 = 2040 um
total wire length on LAYER met1 = 483182 um
total wire length on LAYER met2 = 481885 um
total wire length on LAYER met3 = 122855 um
total wire length on LAYER met4 = 13644 um
total wire length on LAYER met5 = 0 um
total number of vias = 145176
up-via summary (total 145176):

-------------------------
 FR_MASTERSLICE         0
            li1     60438
           met1     77856
           met2      6506
           met3       376
           met4         0
-------------------------
                   145176


start 17th optimization iteration ...
    completing 10% with 52 violations
    elapsed time = 00:00:00, memory = 820.99 (MB)
    completing 20% with 52 violations
    elapsed time = 00:00:01, memory = 820.99 (MB)
    completing 30% with 52 violations
    elapsed time = 00:00:01, memory = 820.99 (MB)
    completing 40% with 52 violations
    elapsed time = 00:00:02, memory = 820.99 (MB)
    completing 50% with 52 violations
    elapsed time = 00:00:03, memory = 820.99 (MB)
    completing 60% with 52 violations
    elapsed time = 00:00:03, memory = 820.99 (MB)
    completing 70% with 52 violations
    elapsed time = 00:00:04, memory = 820.99 (MB)
    completing 80% with 35 violations
    elapsed time = 00:00:05, memory = 820.99 (MB)
    completing 90% with 35 violations
    elapsed time = 00:00:05, memory = 820.99 (MB)
    completing 100% with 11 violations
    elapsed time = 00:00:06, memory = 820.99 (MB)
  number of violations = 11
cpu time = 00:00:24, elapsed time = 00:00:06, memory = 820.99 (MB), peak = 849.79 (MB)
total wire length = 1103490 um
total wire length on LAYER li1 = 2605 um
total wire length on LAYER met1 = 483010 um
total wire length on LAYER met2 = 481332 um
total wire length on LAYER met3 = 122859 um
total wire length on LAYER met4 = 13682 um
total wire length on LAYER met5 = 0 um
total number of vias = 145145
up-via summary (total 145145):

-------------------------
 FR_MASTERSLICE         0
            li1     60432
           met1     77845
           met2      6494
           met3       374
           met4         0
-------------------------
                   145145


start 18th optimization iteration ...
    completing 10% with 11 violations
    elapsed time = 00:00:00, memory = 820.99 (MB)
    completing 20% with 11 violations
    elapsed time = 00:00:01, memory = 820.99 (MB)
    completing 30% with 11 violations
    elapsed time = 00:00:01, memory = 820.99 (MB)
    completing 40% with 11 violations
    elapsed time = 00:00:02, memory = 820.99 (MB)
    completing 50% with 11 violations
    elapsed time = 00:00:03, memory = 820.99 (MB)
    completing 60% with 11 violations
    elapsed time = 00:00:03, memory = 820.99 (MB)
    completing 70% with 11 violations
    elapsed time = 00:00:04, memory = 820.99 (MB)
    completing 80% with 8 violations
    elapsed time = 00:00:05, memory = 820.99 (MB)
    completing 90% with 8 violations
    elapsed time = 00:00:05, memory = 820.99 (MB)
    completing 100% with 8 violations
    elapsed time = 00:00:06, memory = 820.99 (MB)
  number of violations = 8
cpu time = 00:00:23, elapsed time = 00:00:06, memory = 820.99 (MB), peak = 849.79 (MB)
total wire length = 1103489 um
total wire length on LAYER li1 = 2603 um
total wire length on LAYER met1 = 483008 um
total wire length on LAYER met2 = 481335 um
total wire length on LAYER met3 = 122859 um
total wire length on LAYER met4 = 13682 um
total wire length on LAYER met5 = 0 um
total number of vias = 145141
up-via summary (total 145141):

-------------------------
 FR_MASTERSLICE         0
            li1     60430
           met1     77843
           met2      6494
           met3       374
           met4         0
-------------------------
                   145141


start 19th optimization iteration ...
    completing 10% with 8 violations
    elapsed time = 00:00:00, memory = 820.99 (MB)
    completing 20% with 8 violations
    elapsed time = 00:00:01, memory = 820.99 (MB)
    completing 30% with 8 violations
    elapsed time = 00:00:01, memory = 820.99 (MB)
    completing 40% with 8 violations
    elapsed time = 00:00:02, memory = 820.99 (MB)
    completing 50% with 8 violations
    elapsed time = 00:00:03, memory = 820.99 (MB)
    completing 60% with 8 violations
    elapsed time = 00:00:03, memory = 820.99 (MB)
    completing 70% with 8 violations
    elapsed time = 00:00:04, memory = 820.99 (MB)
    completing 80% with 8 violations
    elapsed time = 00:00:04, memory = 820.99 (MB)
    completing 90% with 8 violations
    elapsed time = 00:00:05, memory = 820.99 (MB)
    completing 100% with 8 violations
    elapsed time = 00:00:06, memory = 820.99 (MB)
  number of violations = 8
cpu time = 00:00:23, elapsed time = 00:00:06, memory = 820.99 (MB), peak = 849.79 (MB)
total wire length = 1103488 um
total wire length on LAYER li1 = 2603 um
total wire length on LAYER met1 = 483007 um
total wire length on LAYER met2 = 481335 um
total wire length on LAYER met3 = 122859 um
total wire length on LAYER met4 = 13682 um
total wire length on LAYER met5 = 0 um
total number of vias = 145141
up-via summary (total 145141):

-------------------------
 FR_MASTERSLICE         0
            li1     60430
           met1     77843
           met2      6494
           met3       374
           met4         0
-------------------------
                   145141


start 20th optimization iteration ...
    completing 10% with 8 violations
    elapsed time = 00:00:00, memory = 820.99 (MB)
    completing 20% with 8 violations
    elapsed time = 00:00:01, memory = 820.99 (MB)
    completing 30% with 8 violations
    elapsed time = 00:00:01, memory = 820.99 (MB)
    completing 40% with 8 violations
    elapsed time = 00:00:02, memory = 820.99 (MB)
    completing 50% with 8 violations
    elapsed time = 00:00:03, memory = 820.99 (MB)
    completing 60% with 8 violations
    elapsed time = 00:00:03, memory = 820.99 (MB)
    completing 70% with 8 violations
    elapsed time = 00:00:04, memory = 820.99 (MB)
    completing 80% with 8 violations
    elapsed time = 00:00:04, memory = 820.99 (MB)
    completing 90% with 8 violations
    elapsed time = 00:00:05, memory = 820.99 (MB)
    completing 100% with 8 violations
    elapsed time = 00:00:06, memory = 820.99 (MB)
  number of violations = 8
cpu time = 00:00:23, elapsed time = 00:00:06, memory = 820.99 (MB), peak = 849.79 (MB)
total wire length = 1103488 um
total wire length on LAYER li1 = 2603 um
total wire length on LAYER met1 = 483006 um
total wire length on LAYER met2 = 481336 um
total wire length on LAYER met3 = 122859 um
total wire length on LAYER met4 = 13682 um
total wire length on LAYER met5 = 0 um
total number of vias = 145141
up-via summary (total 145141):

-------------------------
 FR_MASTERSLICE         0
            li1     60430
           met1     77843
           met2      6494
           met3       374
           met4         0
-------------------------
                   145141


start 21st optimization iteration ...
    completing 10% with 8 violations
    elapsed time = 00:00:00, memory = 820.99 (MB)
    completing 20% with 8 violations
    elapsed time = 00:00:01, memory = 820.99 (MB)
    completing 30% with 8 violations
    elapsed time = 00:00:01, memory = 820.99 (MB)
    completing 40% with 8 violations
    elapsed time = 00:00:02, memory = 820.99 (MB)
    completing 50% with 8 violations
    elapsed time = 00:00:03, memory = 820.99 (MB)
    completing 60% with 8 violations
    elapsed time = 00:00:03, memory = 820.99 (MB)
    completing 70% with 8 violations
    elapsed time = 00:00:04, memory = 820.99 (MB)
    completing 80% with 8 violations
    elapsed time = 00:00:04, memory = 820.99 (MB)
    completing 90% with 8 violations
    elapsed time = 00:00:05, memory = 820.99 (MB)
    completing 100% with 8 violations
    elapsed time = 00:00:06, memory = 820.99 (MB)
  number of violations = 8
cpu time = 00:00:23, elapsed time = 00:00:06, memory = 820.99 (MB), peak = 849.79 (MB)
total wire length = 1103488 um
total wire length on LAYER li1 = 2603 um
total wire length on LAYER met1 = 483006 um
total wire length on LAYER met2 = 481336 um
total wire length on LAYER met3 = 122859 um
total wire length on LAYER met4 = 13682 um
total wire length on LAYER met5 = 0 um
total number of vias = 145141
up-via summary (total 145141):

-------------------------
 FR_MASTERSLICE         0
            li1     60430
           met1     77843
           met2      6494
           met3       374
           met4         0
-------------------------
                   145141


start 22nd optimization iteration ...
    completing 10% with 8 violations
    elapsed time = 00:00:00, memory = 820.99 (MB)
    completing 20% with 8 violations
    elapsed time = 00:00:01, memory = 820.99 (MB)
    completing 30% with 8 violations
    elapsed time = 00:00:01, memory = 820.99 (MB)
    completing 40% with 8 violations
    elapsed time = 00:00:02, memory = 820.99 (MB)
    completing 50% with 8 violations
    elapsed time = 00:00:02, memory = 820.99 (MB)
    completing 60% with 8 violations
    elapsed time = 00:00:03, memory = 820.99 (MB)
    completing 70% with 8 violations
    elapsed time = 00:00:04, memory = 820.99 (MB)
    completing 80% with 8 violations
    elapsed time = 00:00:04, memory = 820.99 (MB)
    completing 90% with 8 violations
    elapsed time = 00:00:05, memory = 820.99 (MB)
    completing 100% with 8 violations
    elapsed time = 00:00:06, memory = 820.99 (MB)
  number of violations = 8
cpu time = 00:00:23, elapsed time = 00:00:06, memory = 820.99 (MB), peak = 849.79 (MB)
total wire length = 1103490 um
total wire length on LAYER li1 = 2603 um
total wire length on LAYER met1 = 483009 um
total wire length on LAYER met2 = 481335 um
total wire length on LAYER met3 = 122859 um
total wire length on LAYER met4 = 13682 um
total wire length on LAYER met5 = 0 um
total number of vias = 145139
up-via summary (total 145139):

-------------------------
 FR_MASTERSLICE         0
            li1     60428
           met1     77843
           met2      6494
           met3       374
           met4         0
-------------------------
                   145139


start 23rd optimization iteration ...
    completing 10% with 8 violations
    elapsed time = 00:00:00, memory = 820.99 (MB)
    completing 20% with 8 violations
    elapsed time = 00:00:01, memory = 820.99 (MB)
    completing 30% with 8 violations
    elapsed time = 00:00:01, memory = 820.99 (MB)
    completing 40% with 8 violations
    elapsed time = 00:00:02, memory = 820.99 (MB)
    completing 50% with 8 violations
    elapsed time = 00:00:02, memory = 820.99 (MB)
    completing 60% with 8 violations
    elapsed time = 00:00:03, memory = 820.99 (MB)
    completing 70% with 8 violations
    elapsed time = 00:00:04, memory = 820.99 (MB)
    completing 80% with 8 violations
    elapsed time = 00:00:04, memory = 820.99 (MB)
    completing 90% with 8 violations
    elapsed time = 00:00:05, memory = 820.99 (MB)
    completing 100% with 8 violations
    elapsed time = 00:00:06, memory = 820.99 (MB)
  number of violations = 8
cpu time = 00:00:23, elapsed time = 00:00:06, memory = 820.99 (MB), peak = 849.79 (MB)
total wire length = 1103490 um
total wire length on LAYER li1 = 2603 um
total wire length on LAYER met1 = 483009 um
total wire length on LAYER met2 = 481335 um
total wire length on LAYER met3 = 122859 um
total wire length on LAYER met4 = 13682 um
total wire length on LAYER met5 = 0 um
total number of vias = 145139
up-via summary (total 145139):

-------------------------
 FR_MASTERSLICE         0
            li1     60428
           met1     77843
           met2      6494
           met3       374
           met4         0
-------------------------
                   145139


start 24th optimization iteration ...
    completing 10% with 8 violations
    elapsed time = 00:00:00, memory = 820.99 (MB)
    completing 20% with 8 violations
    elapsed time = 00:00:01, memory = 820.99 (MB)
    completing 30% with 8 violations
    elapsed time = 00:00:01, memory = 820.99 (MB)
    completing 40% with 8 violations
    elapsed time = 00:00:02, memory = 820.99 (MB)
    completing 50% with 8 violations
    elapsed time = 00:00:03, memory = 820.99 (MB)
    completing 60% with 8 violations
    elapsed time = 00:00:03, memory = 820.99 (MB)
    completing 70% with 8 violations
    elapsed time = 00:00:04, memory = 820.99 (MB)
    completing 80% with 8 violations
    elapsed time = 00:00:04, memory = 820.99 (MB)
    completing 90% with 8 violations
    elapsed time = 00:00:05, memory = 820.99 (MB)
    completing 100% with 8 violations
    elapsed time = 00:00:06, memory = 820.99 (MB)
  number of violations = 8
cpu time = 00:00:23, elapsed time = 00:00:06, memory = 820.99 (MB), peak = 849.79 (MB)
total wire length = 1103490 um
total wire length on LAYER li1 = 2603 um
total wire length on LAYER met1 = 483009 um
total wire length on LAYER met2 = 481335 um
total wire length on LAYER met3 = 122859 um
total wire length on LAYER met4 = 13682 um
total wire length on LAYER met5 = 0 um
total number of vias = 145139
up-via summary (total 145139):

-------------------------
 FR_MASTERSLICE         0
            li1     60428
           met1     77843
           met2      6494
           met3       374
           met4         0
-------------------------
                   145139


start 25th optimization iteration ...
    completing 10% with 8 violations
    elapsed time = 00:00:00, memory = 820.99 (MB)
    completing 20% with 8 violations
    elapsed time = 00:00:01, memory = 820.99 (MB)
    completing 30% with 8 violations
    elapsed time = 00:00:01, memory = 820.99 (MB)
    completing 40% with 8 violations
    elapsed time = 00:00:02, memory = 820.99 (MB)
    completing 50% with 8 violations
    elapsed time = 00:00:03, memory = 820.99 (MB)
    completing 60% with 8 violations
    elapsed time = 00:00:04, memory = 820.99 (MB)
    completing 70% with 8 violations
    elapsed time = 00:00:04, memory = 820.99 (MB)
    completing 80% with 5 violations
    elapsed time = 00:00:05, memory = 820.99 (MB)
    completing 90% with 5 violations
    elapsed time = 00:00:06, memory = 820.99 (MB)
    completing 100% with 3 violations
    elapsed time = 00:00:06, memory = 820.99 (MB)
  number of violations = 3
cpu time = 00:00:25, elapsed time = 00:00:06, memory = 820.99 (MB), peak = 849.79 (MB)
total wire length = 1103482 um
total wire length on LAYER li1 = 2655 um
total wire length on LAYER met1 = 483001 um
total wire length on LAYER met2 = 481304 um
total wire length on LAYER met3 = 122859 um
total wire length on LAYER met4 = 13660 um
total wire length on LAYER met5 = 0 um
total number of vias = 145120
up-via summary (total 145120):

-------------------------
 FR_MASTERSLICE         0
            li1     60422
           met1     77830
           met2      6494
           met3       374
           met4         0
-------------------------
                   145120


start 26th optimization iteration ...
    completing 10% with 3 violations
    elapsed time = 00:00:00, memory = 820.99 (MB)
    completing 20% with 3 violations
    elapsed time = 00:00:01, memory = 820.99 (MB)
    completing 30% with 3 violations
    elapsed time = 00:00:01, memory = 820.99 (MB)
    completing 40% with 3 violations
    elapsed time = 00:00:02, memory = 820.99 (MB)
    completing 50% with 3 violations
    elapsed time = 00:00:03, memory = 820.99 (MB)
    completing 60% with 3 violations
    elapsed time = 00:00:03, memory = 820.99 (MB)
    completing 70% with 3 violations
    elapsed time = 00:00:04, memory = 820.99 (MB)
    completing 80% with 3 violations
    elapsed time = 00:00:05, memory = 820.99 (MB)
    completing 90% with 3 violations
    elapsed time = 00:00:05, memory = 820.99 (MB)
    completing 100% with 3 violations
    elapsed time = 00:00:06, memory = 820.99 (MB)
  number of violations = 3
cpu time = 00:00:23, elapsed time = 00:00:06, memory = 820.99 (MB), peak = 849.79 (MB)
total wire length = 1103482 um
total wire length on LAYER li1 = 2655 um
total wire length on LAYER met1 = 483001 um
total wire length on LAYER met2 = 481304 um
total wire length on LAYER met3 = 122859 um
total wire length on LAYER met4 = 13660 um
total wire length on LAYER met5 = 0 um
total number of vias = 145120
up-via summary (total 145120):

-------------------------
 FR_MASTERSLICE         0
            li1     60422
           met1     77830
           met2      6494
           met3       374
           met4         0
-------------------------
                   145120


start 27th optimization iteration ...
    completing 10% with 3 violations
    elapsed time = 00:00:00, memory = 820.99 (MB)
    completing 20% with 3 violations
    elapsed time = 00:00:01, memory = 820.99 (MB)
    completing 30% with 3 violations
    elapsed time = 00:00:01, memory = 820.99 (MB)
    completing 40% with 3 violations
    elapsed time = 00:00:02, memory = 820.99 (MB)
    completing 50% with 3 violations
    elapsed time = 00:00:03, memory = 820.99 (MB)
    completing 60% with 3 violations
    elapsed time = 00:00:03, memory = 820.99 (MB)
    completing 70% with 3 violations
    elapsed time = 00:00:04, memory = 820.99 (MB)
    completing 80% with 3 violations
    elapsed time = 00:00:05, memory = 820.99 (MB)
    completing 90% with 3 violations
    elapsed time = 00:00:05, memory = 820.99 (MB)
    completing 100% with 3 violations
    elapsed time = 00:00:06, memory = 820.99 (MB)
  number of violations = 3
cpu time = 00:00:23, elapsed time = 00:00:06, memory = 820.99 (MB), peak = 849.79 (MB)
total wire length = 1103482 um
total wire length on LAYER li1 = 2655 um
total wire length on LAYER met1 = 483001 um
total wire length on LAYER met2 = 481304 um
total wire length on LAYER met3 = 122859 um
total wire length on LAYER met4 = 13660 um
total wire length on LAYER met5 = 0 um
total number of vias = 145120
up-via summary (total 145120):

-------------------------
 FR_MASTERSLICE         0
            li1     60422
           met1     77830
           met2      6494
           met3       374
           met4         0
-------------------------
                   145120


start 28th optimization iteration ...
    completing 10% with 3 violations
    elapsed time = 00:00:00, memory = 820.99 (MB)
    completing 20% with 3 violations
    elapsed time = 00:00:01, memory = 820.99 (MB)
    completing 30% with 3 violations
    elapsed time = 00:00:01, memory = 820.99 (MB)
    completing 40% with 3 violations
    elapsed time = 00:00:02, memory = 820.99 (MB)
    completing 50% with 3 violations
    elapsed time = 00:00:03, memory = 820.99 (MB)
    completing 60% with 3 violations
    elapsed time = 00:00:03, memory = 820.99 (MB)
    completing 70% with 3 violations
    elapsed time = 00:00:04, memory = 820.99 (MB)
    completing 80% with 3 violations
    elapsed time = 00:00:04, memory = 820.99 (MB)
    completing 90% with 3 violations
    elapsed time = 00:00:05, memory = 820.99 (MB)
    completing 100% with 3 violations
    elapsed time = 00:00:06, memory = 820.99 (MB)
  number of violations = 3
cpu time = 00:00:23, elapsed time = 00:00:06, memory = 820.99 (MB), peak = 849.79 (MB)
total wire length = 1103482 um
total wire length on LAYER li1 = 2655 um
total wire length on LAYER met1 = 483001 um
total wire length on LAYER met2 = 481304 um
total wire length on LAYER met3 = 122859 um
total wire length on LAYER met4 = 13660 um
total wire length on LAYER met5 = 0 um
total number of vias = 145120
up-via summary (total 145120):

-------------------------
 FR_MASTERSLICE         0
            li1     60422
           met1     77830
           met2      6494
           met3       374
           met4         0
-------------------------
                   145120


start 29th optimization iteration ...
    completing 10% with 3 violations
    elapsed time = 00:00:00, memory = 820.99 (MB)
    completing 20% with 3 violations
    elapsed time = 00:00:01, memory = 820.99 (MB)
    completing 30% with 3 violations
    elapsed time = 00:00:01, memory = 820.99 (MB)
    completing 40% with 3 violations
    elapsed time = 00:00:02, memory = 820.99 (MB)
    completing 50% with 3 violations
    elapsed time = 00:00:02, memory = 820.99 (MB)
    completing 60% with 3 violations
    elapsed time = 00:00:03, memory = 820.99 (MB)
    completing 70% with 3 violations
    elapsed time = 00:00:04, memory = 820.99 (MB)
    completing 80% with 3 violations
    elapsed time = 00:00:04, memory = 820.99 (MB)
    completing 90% with 3 violations
    elapsed time = 00:00:05, memory = 820.99 (MB)
    completing 100% with 3 violations
    elapsed time = 00:00:06, memory = 820.99 (MB)
  number of violations = 3
cpu time = 00:00:23, elapsed time = 00:00:06, memory = 820.99 (MB), peak = 849.79 (MB)
total wire length = 1103482 um
total wire length on LAYER li1 = 2655 um
total wire length on LAYER met1 = 483001 um
total wire length on LAYER met2 = 481304 um
total wire length on LAYER met3 = 122859 um
total wire length on LAYER met4 = 13660 um
total wire length on LAYER met5 = 0 um
total number of vias = 145120
up-via summary (total 145120):

-------------------------
 FR_MASTERSLICE         0
            li1     60422
           met1     77830
           met2      6494
           met3       374
           met4         0
-------------------------
                   145120


start 30th optimization iteration ...
    completing 10% with 3 violations
    elapsed time = 00:00:00, memory = 820.99 (MB)
    completing 20% with 3 violations
    elapsed time = 00:00:01, memory = 820.99 (MB)
    completing 30% with 3 violations
    elapsed time = 00:00:01, memory = 820.99 (MB)
    completing 40% with 3 violations
    elapsed time = 00:00:02, memory = 820.99 (MB)
    completing 50% with 3 violations
    elapsed time = 00:00:03, memory = 820.99 (MB)
    completing 60% with 3 violations
    elapsed time = 00:00:03, memory = 820.99 (MB)
    completing 70% with 3 violations
    elapsed time = 00:00:04, memory = 820.99 (MB)
    completing 80% with 3 violations
    elapsed time = 00:00:04, memory = 820.99 (MB)
    completing 90% with 3 violations
    elapsed time = 00:00:05, memory = 820.99 (MB)
    completing 100% with 3 violations
    elapsed time = 00:00:06, memory = 820.99 (MB)
  number of violations = 3
cpu time = 00:00:23, elapsed time = 00:00:06, memory = 820.99 (MB), peak = 849.79 (MB)
total wire length = 1103482 um
total wire length on LAYER li1 = 2655 um
total wire length on LAYER met1 = 483001 um
total wire length on LAYER met2 = 481304 um
total wire length on LAYER met3 = 122859 um
total wire length on LAYER met4 = 13660 um
total wire length on LAYER met5 = 0 um
total number of vias = 145120
up-via summary (total 145120):

-------------------------
 FR_MASTERSLICE         0
            li1     60422
           met1     77830
           met2      6494
           met3       374
           met4         0
-------------------------
                   145120


start 31st optimization iteration ...
    completing 10% with 3 violations
    elapsed time = 00:00:00, memory = 820.99 (MB)
    completing 20% with 3 violations
    elapsed time = 00:00:01, memory = 820.99 (MB)
    completing 30% with 3 violations
    elapsed time = 00:00:01, memory = 820.99 (MB)
    completing 40% with 3 violations
    elapsed time = 00:00:02, memory = 820.99 (MB)
    completing 50% with 3 violations
    elapsed time = 00:00:02, memory = 820.99 (MB)
    completing 60% with 3 violations
    elapsed time = 00:00:03, memory = 820.99 (MB)
    completing 70% with 3 violations
    elapsed time = 00:00:04, memory = 820.99 (MB)
    completing 80% with 3 violations
    elapsed time = 00:00:04, memory = 820.99 (MB)
    completing 90% with 3 violations
    elapsed time = 00:00:05, memory = 820.99 (MB)
    completing 100% with 3 violations
    elapsed time = 00:00:06, memory = 820.99 (MB)
  number of violations = 3
cpu time = 00:00:23, elapsed time = 00:00:06, memory = 820.99 (MB), peak = 849.79 (MB)
total wire length = 1103482 um
total wire length on LAYER li1 = 2655 um
total wire length on LAYER met1 = 483001 um
total wire length on LAYER met2 = 481304 um
total wire length on LAYER met3 = 122859 um
total wire length on LAYER met4 = 13660 um
total wire length on LAYER met5 = 0 um
total number of vias = 145120
up-via summary (total 145120):

-------------------------
 FR_MASTERSLICE         0
            li1     60422
           met1     77830
           met2      6494
           met3       374
           met4         0
-------------------------
                   145120


start 32nd optimization iteration ...
    completing 10% with 3 violations
    elapsed time = 00:00:00, memory = 820.99 (MB)
    completing 20% with 3 violations
    elapsed time = 00:00:01, memory = 820.99 (MB)
    completing 30% with 3 violations
    elapsed time = 00:00:01, memory = 820.99 (MB)
    completing 40% with 3 violations
    elapsed time = 00:00:02, memory = 820.99 (MB)
    completing 50% with 3 violations
    elapsed time = 00:00:03, memory = 820.99 (MB)
    completing 60% with 3 violations
    elapsed time = 00:00:03, memory = 820.99 (MB)
    completing 70% with 3 violations
    elapsed time = 00:00:04, memory = 820.99 (MB)
    completing 80% with 3 violations
    elapsed time = 00:00:04, memory = 820.99 (MB)
    completing 90% with 3 violations
    elapsed time = 00:00:05, memory = 820.99 (MB)
    completing 100% with 3 violations
    elapsed time = 00:00:06, memory = 820.99 (MB)
  number of violations = 3
cpu time = 00:00:23, elapsed time = 00:00:06, memory = 820.99 (MB), peak = 849.79 (MB)
total wire length = 1103482 um
total wire length on LAYER li1 = 2655 um
total wire length on LAYER met1 = 483001 um
total wire length on LAYER met2 = 481304 um
total wire length on LAYER met3 = 122859 um
total wire length on LAYER met4 = 13660 um
total wire length on LAYER met5 = 0 um
total number of vias = 145120
up-via summary (total 145120):

-------------------------
 FR_MASTERSLICE         0
            li1     60422
           met1     77830
           met2      6494
           met3       374
           met4         0
-------------------------
                   145120


start 33rd optimization iteration ...
    completing 10% with 3 violations
    elapsed time = 00:00:00, memory = 820.99 (MB)
    completing 20% with 3 violations
    elapsed time = 00:00:01, memory = 820.99 (MB)
    completing 30% with 3 violations
    elapsed time = 00:00:02, memory = 820.99 (MB)
    completing 40% with 3 violations
    elapsed time = 00:00:03, memory = 820.99 (MB)
    completing 50% with 3 violations
    elapsed time = 00:00:03, memory = 820.99 (MB)
    completing 60% with 3 violations
    elapsed time = 00:00:04, memory = 820.99 (MB)
    completing 70% with 3 violations
    elapsed time = 00:00:05, memory = 820.99 (MB)
    completing 80% with 3 violations
    elapsed time = 00:00:06, memory = 820.99 (MB)
    completing 90% with 3 violations
    elapsed time = 00:00:06, memory = 820.99 (MB)
    completing 100% with 3 violations
    elapsed time = 00:00:07, memory = 820.99 (MB)
  number of violations = 3
cpu time = 00:00:29, elapsed time = 00:00:07, memory = 820.99 (MB), peak = 849.79 (MB)
total wire length = 1103482 um
total wire length on LAYER li1 = 2664 um
total wire length on LAYER met1 = 483001 um
total wire length on LAYER met2 = 481296 um
total wire length on LAYER met3 = 122859 um
total wire length on LAYER met4 = 13660 um
total wire length on LAYER met5 = 0 um
total number of vias = 145120
up-via summary (total 145120):

-------------------------
 FR_MASTERSLICE         0
            li1     60422
           met1     77830
           met2      6494
           met3       374
           met4         0
-------------------------
                   145120


start 34th optimization iteration ...
    completing 10% with 3 violations
    elapsed time = 00:00:00, memory = 820.99 (MB)
    completing 20% with 3 violations
    elapsed time = 00:00:01, memory = 820.99 (MB)
    completing 30% with 3 violations
    elapsed time = 00:00:02, memory = 820.99 (MB)
    completing 40% with 3 violations
    elapsed time = 00:00:02, memory = 820.99 (MB)
    completing 50% with 3 violations
    elapsed time = 00:00:03, memory = 820.99 (MB)
    completing 60% with 3 violations
    elapsed time = 00:00:03, memory = 820.99 (MB)
    completing 70% with 3 violations
    elapsed time = 00:00:04, memory = 820.99 (MB)
    completing 80% with 2 violations
    elapsed time = 00:00:05, memory = 820.99 (MB)
    completing 90% with 2 violations
    elapsed time = 00:00:05, memory = 820.99 (MB)
    completing 100% with 0 violations
    elapsed time = 00:00:06, memory = 820.99 (MB)
  number of violations = 0
cpu time = 00:00:24, elapsed time = 00:00:06, memory = 820.99 (MB), peak = 849.79 (MB)
total wire length = 1103479 um
total wire length on LAYER li1 = 2664 um
total wire length on LAYER met1 = 483001 um
total wire length on LAYER met2 = 481292 um
total wire length on LAYER met3 = 122859 um
total wire length on LAYER met4 = 13660 um
total wire length on LAYER met5 = 0 um
total number of vias = 145120
up-via summary (total 145120):

-------------------------
 FR_MASTERSLICE         0
            li1     60422
           met1     77830
           met2      6494
           met3       374
           met4         0
-------------------------
                   145120


start 41st optimization iteration ...
    completing 10% with 0 violations
    elapsed time = 00:00:00, memory = 820.99 (MB)
    completing 20% with 0 violations
    elapsed time = 00:00:01, memory = 820.99 (MB)
    completing 30% with 0 violations
    elapsed time = 00:00:02, memory = 820.99 (MB)
    completing 40% with 0 violations
    elapsed time = 00:00:02, memory = 820.99 (MB)
    completing 50% with 0 violations
    elapsed time = 00:00:03, memory = 820.99 (MB)
    completing 60% with 0 violations
    elapsed time = 00:00:04, memory = 820.99 (MB)
    completing 70% with 0 violations
    elapsed time = 00:00:05, memory = 820.99 (MB)
    completing 80% with 0 violations
    elapsed time = 00:00:05, memory = 820.99 (MB)
    completing 90% with 0 violations
    elapsed time = 00:00:06, memory = 820.99 (MB)
    completing 100% with 0 violations
    elapsed time = 00:00:07, memory = 820.99 (MB)
  number of violations = 0
cpu time = 00:00:28, elapsed time = 00:00:07, memory = 820.99 (MB), peak = 849.79 (MB)
total wire length = 1103479 um
total wire length on LAYER li1 = 2664 um
total wire length on LAYER met1 = 483001 um
total wire length on LAYER met2 = 481292 um
total wire length on LAYER met3 = 122859 um
total wire length on LAYER met4 = 13660 um
total wire length on LAYER met5 = 0 um
total number of vias = 145120
up-via summary (total 145120):

-------------------------
 FR_MASTERSLICE         0
            li1     60422
           met1     77830
           met2      6494
           met3       374
           met4         0
-------------------------
                   145120


start 49th optimization iteration ...
    completing 10% with 0 violations
    elapsed time = 00:00:00, memory = 820.99 (MB)
    completing 20% with 0 violations
    elapsed time = 00:00:01, memory = 820.99 (MB)
    completing 30% with 0 violations
    elapsed time = 00:00:02, memory = 820.99 (MB)
    completing 40% with 0 violations
    elapsed time = 00:00:03, memory = 820.99 (MB)
    completing 50% with 0 violations
    elapsed time = 00:00:03, memory = 820.99 (MB)
    completing 60% with 0 violations
    elapsed time = 00:00:04, memory = 820.99 (MB)
    completing 70% with 0 violations
    elapsed time = 00:00:05, memory = 820.99 (MB)
    completing 80% with 0 violations
    elapsed time = 00:00:06, memory = 820.99 (MB)
    completing 90% with 0 violations
    elapsed time = 00:00:06, memory = 820.99 (MB)
    completing 100% with 0 violations
    elapsed time = 00:00:07, memory = 820.99 (MB)
  number of violations = 0
cpu time = 00:00:28, elapsed time = 00:00:07, memory = 820.99 (MB), peak = 849.79 (MB)
total wire length = 1103479 um
total wire length on LAYER li1 = 2664 um
total wire length on LAYER met1 = 483001 um
total wire length on LAYER met2 = 481292 um
total wire length on LAYER met3 = 122859 um
total wire length on LAYER met4 = 13660 um
total wire length on LAYER met5 = 0 um
total number of vias = 145120
up-via summary (total 145120):

-------------------------
 FR_MASTERSLICE         0
            li1     60422
           met1     77830
           met2      6494
           met3       374
           met4         0
-------------------------
                   145120


start 57th optimization iteration ...
    completing 10% with 0 violations
    elapsed time = 00:00:00, memory = 820.99 (MB)
    completing 20% with 0 violations
    elapsed time = 00:00:01, memory = 820.99 (MB)
    completing 30% with 0 violations
    elapsed time = 00:00:02, memory = 820.99 (MB)
    completing 40% with 0 violations
    elapsed time = 00:00:03, memory = 820.99 (MB)
    completing 50% with 0 violations
    elapsed time = 00:00:03, memory = 820.99 (MB)
    completing 60% with 0 violations
    elapsed time = 00:00:04, memory = 820.99 (MB)
    completing 70% with 0 violations
    elapsed time = 00:00:05, memory = 820.99 (MB)
    completing 80% with 0 violations
    elapsed time = 00:00:06, memory = 820.99 (MB)
    completing 90% with 0 violations
    elapsed time = 00:00:06, memory = 820.99 (MB)
    completing 100% with 0 violations
    elapsed time = 00:00:07, memory = 820.99 (MB)
  number of violations = 0
cpu time = 00:00:28, elapsed time = 00:00:07, memory = 820.99 (MB), peak = 849.79 (MB)
total wire length = 1103479 um
total wire length on LAYER li1 = 2664 um
total wire length on LAYER met1 = 483001 um
total wire length on LAYER met2 = 481292 um
total wire length on LAYER met3 = 122859 um
total wire length on LAYER met4 = 13660 um
total wire length on LAYER met5 = 0 um
total number of vias = 145120
up-via summary (total 145120):

-------------------------
 FR_MASTERSLICE         0
            li1     60422
           met1     77830
           met2      6494
           met3       374
           met4         0
-------------------------
                   145120


complete detail routing
total wire length = 1103479 um
total wire length on LAYER li1 = 2664 um
total wire length on LAYER met1 = 483001 um
total wire length on LAYER met2 = 481292 um
total wire length on LAYER met3 = 122859 um
total wire length on LAYER met4 = 13660 um
total wire length on LAYER met5 = 0 um
total number of vias = 145120
up-via summary (total 145120):

-------------------------
 FR_MASTERSLICE         0
            li1     60422
           met1     77830
           met2      6494
           met3       374
           met4         0
-------------------------
                   145120

cpu time = 00:59:49, elapsed time = 00:15:47, memory = 820.99 (MB), peak = 849.79 (MB)

post processing ...

Runtime taken (hrt): 968.33
