Startpoint: _31219_ (rising edge-triggered flip-flop clocked by clk)
Endpoint: _31219_ (rising edge-triggered flip-flop clocked by clk)
Path Group: clk
Path Type: min

Fanout     Cap    Slew   Delay    Time   Description
-----------------------------------------------------------------------------
                  0.00    0.00    0.00   clock clk (rise edge)
                          0.00    0.00   clock network delay (ideal)
                  0.00    0.00    0.00 ^ _31219_/CLK (sky130_fd_sc_hd__dfxtp_1)
                  0.01    0.16    0.16 ^ _31219_/Q (sky130_fd_sc_hd__dfxtp_1)
     2    0.00                           cpuregs[0][24] (net)
                  0.01    0.00    0.16 ^ _18467_/A (sky130_fd_sc_hd__clkbuf_1)
                  0.03    0.04    0.20 ^ _18467_/X (sky130_fd_sc_hd__clkbuf_1)
     1    0.00                           _02859_ (net)
                  0.03    0.00    0.20 ^ _31219_/D (sky130_fd_sc_hd__dfxtp_1)
                                  0.20   data arrival time

                  0.00    0.00    0.00   clock clk (rise edge)
                          0.00    0.00   clock network delay (ideal)
                          0.00    0.00   clock reconvergence pessimism
                                  0.00 ^ _31219_/CLK (sky130_fd_sc_hd__dfxtp_1)
                         -0.02   -0.02   library hold time
                                 -0.02   data required time
-----------------------------------------------------------------------------
                                 -0.02   data required time
                                 -0.20   data arrival time
-----------------------------------------------------------------------------
                                  0.22   slack (MET)


Startpoint: _32422_ (rising edge-triggered flip-flop clocked by clk)
Endpoint: _32350_ (rising edge-triggered flip-flop clocked by clk)
Path Group: clk
Path Type: max

Fanout     Cap    Slew   Delay    Time   Description
-----------------------------------------------------------------------------
                  0.00    0.00    0.00   clock clk (rise edge)
                          0.00    0.00   clock network delay (ideal)
                  0.00    0.00    0.00 ^ _32422_/CLK (sky130_fd_sc_hd__dfxtp_4)
                  0.10    0.69    0.69 ^ _32422_/Q (sky130_fd_sc_hd__dfxtp_4)
    33    0.01                           latched_stalu (net)
                  0.10    0.00    0.69 ^ _30323_/S (sky130_fd_sc_hd__mux2_1)
                  0.14    0.75    1.44 v _30323_/X (sky130_fd_sc_hd__mux2_1)
     2    0.01                           _00293_ (net)
                  0.14    0.00    1.44 v _30322_/A1 (sky130_fd_sc_hd__mux2_1)
                  0.10    0.66    2.10 v _30322_/X (sky130_fd_sc_hd__mux2_1)
     1    0.00                           _00294_ (net)
                  0.10    0.00    2.10 v _19592_/B (sky130_fd_sc_hd__and2_1)
                  0.07    0.32    2.42 v _19592_/X (sky130_fd_sc_hd__and2_1)
     1    0.00                           _00295_ (net)
                  0.07    0.00    2.42 v _29613_/A0 (sky130_fd_sc_hd__mux2_2)
                  0.08    0.50    2.93 v _29613_/X (sky130_fd_sc_hd__mux2_2)
     4    0.00                           _02560_ (net)
                  0.08    0.00    2.93 v _19974_/A (sky130_fd_sc_hd__xnor2_1)
                  0.16    0.27    3.20 v _19974_/Y (sky130_fd_sc_hd__xnor2_1)
     2    0.01                           _15017_ (net)
                  0.16    0.00    3.20 v _19979_/A_N (sky130_fd_sc_hd__nand3b_2)
                  0.13    0.46    3.65 v _19979_/Y (sky130_fd_sc_hd__nand3b_2)
     2    0.00                           _15019_ (net)
                  0.13    0.00    3.65 v _19986_/B2 (sky130_fd_sc_hd__a2bb2oi_1)
                  0.19    0.24    3.89 ^ _19986_/Y (sky130_fd_sc_hd__a2bb2oi_1)
     1    0.00                           _15024_ (net)
                  0.19    0.00    3.89 ^ _19987_/B1 (sky130_fd_sc_hd__a21o_1)
                  0.13    0.24    4.13 ^ _19987_/X (sky130_fd_sc_hd__a21o_1)
     2    0.01                           _15025_ (net)
                  0.13    0.00    4.13 ^ _19993_/B1 (sky130_fd_sc_hd__o21ai_1)
                  0.09    0.14    4.27 v _19993_/Y (sky130_fd_sc_hd__o21ai_1)
     1    0.00                           _15029_ (net)
                  0.09    0.00    4.27 v _19994_/B1 (sky130_fd_sc_hd__o21ai_1)
                  0.24    0.17    4.44 ^ _19994_/Y (sky130_fd_sc_hd__o21ai_1)
     2    0.01                           _15030_ (net)
                  0.24    0.00    4.44 ^ _20001_/B1 (sky130_fd_sc_hd__o21ai_1)
                  0.13    0.22    4.65 v _20001_/Y (sky130_fd_sc_hd__o21ai_1)
     1    0.00                           _15035_ (net)
                  0.13    0.00    4.65 v _20002_/B1 (sky130_fd_sc_hd__o21ai_2)
                  0.26    0.15    4.80 ^ _20002_/Y (sky130_fd_sc_hd__o21ai_2)
     2    0.01                           _15036_ (net)
                  0.26    0.00    4.81 ^ _20009_/A1 (sky130_fd_sc_hd__a21o_1)
                  0.04    0.25    5.05 ^ _20009_/X (sky130_fd_sc_hd__a21o_1)
     2    0.00                           _15041_ (net)
                  0.04    0.00    5.05 ^ _20016_/B1 (sky130_fd_sc_hd__o21ai_1)
                  0.12    0.13    5.18 v _20016_/Y (sky130_fd_sc_hd__o21ai_1)
     1    0.00                           _15046_ (net)
                  0.12    0.00    5.18 v _20017_/B1 (sky130_fd_sc_hd__o21ai_2)
                  0.23    0.14    5.32 ^ _20017_/Y (sky130_fd_sc_hd__o21ai_2)
     2    0.01                           _15047_ (net)
                  0.23    0.00    5.32 ^ _20023_/A1 (sky130_fd_sc_hd__a21o_1)
                  0.14    0.32    5.64 ^ _20023_/X (sky130_fd_sc_hd__a21o_1)
     2    0.01                           _15051_ (net)
                  0.14    0.00    5.64 ^ _20032_/A1 (sky130_fd_sc_hd__a21o_1)
                  0.14    0.29    5.93 ^ _20032_/X (sky130_fd_sc_hd__a21o_1)
     2    0.01                           _15058_ (net)
                  0.14    0.00    5.93 ^ _20038_/A1 (sky130_fd_sc_hd__a21o_1)
                  0.13    0.28    6.21 ^ _20038_/X (sky130_fd_sc_hd__a21o_1)
     2    0.01                           _15062_ (net)
                  0.13    0.00    6.21 ^ _20042_/A (sky130_fd_sc_hd__nand2_1)
                  0.13    0.17    6.38 v _20042_/Y (sky130_fd_sc_hd__nand2_1)
     2    0.01                           _15064_ (net)
                  0.13    0.00    6.38 v _20045_/A1 (sky130_fd_sc_hd__a21boi_2)
                  0.21    0.27    6.65 ^ _20045_/Y (sky130_fd_sc_hd__a21boi_2)
     2    0.01                           _15067_ (net)
                  0.21    0.00    6.65 ^ _20051_/B1 (sky130_fd_sc_hd__a21o_1)
                  0.13    0.24    6.89 ^ _20051_/X (sky130_fd_sc_hd__a21o_1)
     2    0.01                           _15071_ (net)
                  0.13    0.00    6.89 ^ _20057_/A1 (sky130_fd_sc_hd__a21o_1)
                  0.04    0.19    7.08 ^ _20057_/X (sky130_fd_sc_hd__a21o_1)
     2    0.00                           _15075_ (net)
                  0.04    0.00    7.08 ^ _20062_/A (sky130_fd_sc_hd__nand2_1)
                  0.08    0.08    7.16 v _20062_/Y (sky130_fd_sc_hd__nand2_1)
     1    0.00                           _15078_ (net)
                  0.08    0.00    7.16 v _20063_/B1 (sky130_fd_sc_hd__o21ai_1)
                  0.32    0.21    7.37 ^ _20063_/Y (sky130_fd_sc_hd__o21ai_1)
     2    0.01                           _15079_ (net)
                  0.32    0.00    7.37 ^ _20068_/A (sky130_fd_sc_hd__and2_1)
                  0.09    0.32    7.69 ^ _20068_/X (sky130_fd_sc_hd__and2_1)
     1    0.00                           _15082_ (net)
                  0.09    0.00    7.69 ^ _20069_/B1 (sky130_fd_sc_hd__a21o_1)
                  0.14    0.20    7.89 ^ _20069_/X (sky130_fd_sc_hd__a21o_1)
     2    0.01                           _15083_ (net)
                  0.14    0.00    7.89 ^ _20075_/A1 (sky130_fd_sc_hd__a21o_1)
                  0.14    0.29    8.18 ^ _20075_/X (sky130_fd_sc_hd__a21o_1)
     2    0.01                           _15087_ (net)
                  0.14    0.00    8.18 ^ _20083_/A1 (sky130_fd_sc_hd__a21o_1)
                  0.14    0.29    8.47 ^ _20083_/X (sky130_fd_sc_hd__a21o_1)
     2    0.01                           _15093_ (net)
                  0.14    0.00    8.47 ^ _20089_/A1 (sky130_fd_sc_hd__a21o_1)
                  0.10    0.26    8.73 ^ _20089_/X (sky130_fd_sc_hd__a21o_1)
     2    0.01                           _15097_ (net)
                  0.10    0.00    8.73 ^ _20095_/A1 (sky130_fd_sc_hd__a21oi_4)
                  0.09    0.12    8.85 v _20095_/Y (sky130_fd_sc_hd__a21oi_4)
     2    0.01                           _15101_ (net)
                  0.09    0.00    8.85 v _20100_/B1 (sky130_fd_sc_hd__a21o_1)
                  0.08    0.30    9.15 v _20100_/X (sky130_fd_sc_hd__a21o_1)
     1    0.00                           _15104_ (net)
                  0.08    0.00    9.15 v _20101_/B1 (sky130_fd_sc_hd__o21ai_2)
                  0.31    0.15    9.30 ^ _20101_/Y (sky130_fd_sc_hd__o21ai_2)
     4    0.01                           _15105_ (net)
                  0.31    0.00    9.30 ^ _20124_/A (sky130_fd_sc_hd__nand3_1)
                  0.15    0.22    9.52 v _20124_/Y (sky130_fd_sc_hd__nand3_1)
     1    0.00                           _15120_ (net)
                  0.15    0.00    9.52 v _20125_/A_N (sky130_fd_sc_hd__nand3b_2)
                  0.14    0.47    9.99 v _20125_/Y (sky130_fd_sc_hd__nand3b_2)
     1    0.00                           _15121_ (net)
                  0.14    0.00    9.99 v _20127_/A (sky130_fd_sc_hd__nand2_2)
                  0.17    0.20   10.19 ^ _20127_/Y (sky130_fd_sc_hd__nand2_2)
     3    0.02                           _15123_ (net)
                  0.17    0.00   10.19 ^ _20139_/A (sky130_fd_sc_hd__nand3_4)
                  0.13    0.17   10.36 v _20139_/Y (sky130_fd_sc_hd__nand3_4)
     2    0.01                           _15131_ (net)
                  0.13    0.00   10.36 v _20153_/A2 (sky130_fd_sc_hd__o21bai_2)
                  0.29    0.31   10.67 ^ _20153_/Y (sky130_fd_sc_hd__o21bai_2)
     3    0.01                           _15141_ (net)
                  0.29    0.00   10.67 ^ _20167_/A (sky130_fd_sc_hd__nand3_1)
                  0.18    0.25   10.93 v _20167_/Y (sky130_fd_sc_hd__nand3_1)
     2    0.00                           _15151_ (net)
                  0.18    0.00   10.93 v _20170_/A1 (sky130_fd_sc_hd__a21oi_1)
                  0.20    0.27   11.19 ^ _20170_/Y (sky130_fd_sc_hd__a21oi_1)
     1    0.00                           _15154_ (net)
                  0.20    0.00   11.19 ^ _20172_/A (sky130_fd_sc_hd__nor2_1)
                  0.07    0.14   11.33 v _20172_/Y (sky130_fd_sc_hd__nor2_1)
     1    0.00                           _01680_ (net)
                  0.07    0.00   11.33 v _30336_/A1 (sky130_fd_sc_hd__mux2_1)
                  0.10    0.64   11.97 v _30336_/X (sky130_fd_sc_hd__mux2_1)
     1    0.00                           _01681_ (net)
                  0.10    0.00   11.97 v _30791_/A1 (sky130_fd_sc_hd__mux4_1)
                  0.15    1.12   13.09 v _30791_/X (sky130_fd_sc_hd__mux4_1)
     1    0.00                           _01682_ (net)
                  0.15    0.00   13.09 v _30337_/A0 (sky130_fd_sc_hd__mux2_1)
                  0.15    0.72   13.81 v _30337_/X (sky130_fd_sc_hd__mux2_1)
     1    0.01                           _02530_ (net)
                  0.15    0.00   13.81 v _15892_/A1 (sky130_fd_sc_hd__o211a_1)
                  0.07    0.43   14.23 v _15892_/X (sky130_fd_sc_hd__o211a_1)
     1    0.00                           _03990_ (net)
                  0.07    0.00   14.23 v _32350_/D (sky130_fd_sc_hd__dfxtp_1)
                                 14.23   data arrival time

                  0.00   24.73   24.73   clock clk (rise edge)
                          0.00   24.73   clock network delay (ideal)
                          0.00   24.73   clock reconvergence pessimism
                                 24.73 ^ _32350_/CLK (sky130_fd_sc_hd__dfxtp_1)
                         -0.29   24.44   library setup time
                                 24.44   data required time
-----------------------------------------------------------------------------
                                 24.44   data required time
                                -14.23   data arrival time
-----------------------------------------------------------------------------
                                 10.21   slack (MET)


